# Logfile created on 2021-01-15 15:05:31 +0000 by logger.rb/v1.4.2
I, [2021-01-15T15:05:31.431335 #9137]  INFO -- : (0.000129s) PRAGMA foreign_keys = 1
I, [2021-01-15T15:05:31.431402 #9137]  INFO -- : (0.000013s) PRAGMA case_sensitive_like = 1
I, [2021-01-15T15:05:31.881826 #9137]  INFO -- : (0.000074s) SELECT sqlite_version()
I, [2021-01-15T15:05:31.882088 #9137]  INFO -- : (0.000142s) PRAGMA table_xinfo('players')
I, [2021-01-15T15:05:45.337851 #9172]  INFO -- : (0.000116s) PRAGMA foreign_keys = 1
I, [2021-01-15T15:05:45.337945 #9172]  INFO -- : (0.000013s) PRAGMA case_sensitive_like = 1
I, [2021-01-15T15:05:45.811057 #9172]  INFO -- : (0.000077s) SELECT sqlite_version()
I, [2021-01-15T15:05:45.811337 #9172]  INFO -- : (0.000155s) PRAGMA table_xinfo('players')
I, [2021-01-15T15:06:36.969331 #9206]  INFO -- : (0.000117s) PRAGMA foreign_keys = 1
I, [2021-01-15T15:06:36.969433 #9206]  INFO -- : (0.000012s) PRAGMA case_sensitive_like = 1
I, [2021-01-15T15:06:37.418790 #9206]  INFO -- : (0.000073s) SELECT sqlite_version()
I, [2021-01-15T15:06:37.419048 #9206]  INFO -- : (0.000144s) PRAGMA table_xinfo('players')
I, [2021-01-15T15:10:11.990658 #9206]  INFO -- : (0.000211s) SELECT * FROM `players`
I, [2021-01-15T15:10:20.933082 #9206]  INFO -- : (0.000285s) SELECT * FROM `players`
I, [2021-01-15T15:10:54.457485 #9206]  INFO -- : (0.000430s) SELECT * FROM `players`
I, [2021-01-15T15:21:24.377132 #9206]  INFO -- : (0.000207s) SELECT * FROM `players`
I, [2021-01-15T15:21:28.425559 #9206]  INFO -- : (0.000185s) SELECT * FROM `players`
I, [2021-01-15T15:21:33.849760 #9206]  INFO -- : (0.000198s) SELECT * FROM `players`
I, [2021-01-15T15:24:55.339584 #9206]  INFO -- : (0.000280s) SELECT * FROM `players`
I, [2021-01-15T15:25:43.033083 #9206]  INFO -- : (0.000238s) SELECT * FROM `players`
I, [2021-01-15T15:26:03.333605 #9900]  INFO -- : (0.000121s) PRAGMA foreign_keys = 1
I, [2021-01-15T15:26:03.333703 #9900]  INFO -- : (0.000012s) PRAGMA case_sensitive_like = 1
I, [2021-01-15T15:26:03.798941 #9900]  INFO -- : (0.000073s) SELECT sqlite_version()
I, [2021-01-15T15:26:03.799173 #9900]  INFO -- : (0.000119s) PRAGMA table_xinfo('players')
I, [2021-01-15T15:26:09.946114 #9900]  INFO -- : (0.000173s) SELECT * FROM `players`
I, [2021-01-15T15:28:38.367567 #9900]  INFO -- : (0.000163s) SELECT * FROM `players`
I, [2021-01-15T15:29:17.277582 #10009]  INFO -- : (0.000115s) PRAGMA foreign_keys = 1
I, [2021-01-15T15:29:17.277673 #10009]  INFO -- : (0.000013s) PRAGMA case_sensitive_like = 1
I, [2021-01-15T15:29:17.803532 #10009]  INFO -- : (0.000076s) SELECT sqlite_version()
I, [2021-01-15T15:29:17.803775 #10009]  INFO -- : (0.000122s) PRAGMA table_xinfo('players')
I, [2021-01-15T15:29:19.842957 #10009]  INFO -- : (0.000187s) SELECT * FROM `players`
I, [2021-01-15T15:29:24.202287 #10009]  INFO -- : (0.000226s) SELECT * FROM `players`
I, [2021-01-15T15:35:24.830548 #10189]  INFO -- : (0.000117s) PRAGMA foreign_keys = 1
I, [2021-01-15T15:35:24.830642 #10189]  INFO -- : (0.000013s) PRAGMA case_sensitive_like = 1
I, [2021-01-15T15:35:25.316471 #10189]  INFO -- : (0.000074s) SELECT sqlite_version()
I, [2021-01-15T15:35:25.316702 #10189]  INFO -- : (0.000118s) PRAGMA table_xinfo('players')
I, [2021-01-15T15:35:38.470836 #10221]  INFO -- : (0.000114s) PRAGMA foreign_keys = 1
I, [2021-01-15T15:35:38.470926 #10221]  INFO -- : (0.000012s) PRAGMA case_sensitive_like = 1
I, [2021-01-15T15:35:38.964888 #10221]  INFO -- : (0.000075s) SELECT sqlite_version()
I, [2021-01-15T15:35:38.965141 #10221]  INFO -- : (0.000118s) PRAGMA table_xinfo('players')
I, [2021-01-15T15:47:27.900823 #11232]  INFO -- : (0.000197s) PRAGMA foreign_keys = 1
I, [2021-01-15T15:47:27.900983 #11232]  INFO -- : (0.000017s) PRAGMA case_sensitive_like = 1
I, [2021-01-15T15:47:28.398948 #11232]  INFO -- : (0.000074s) SELECT sqlite_version()
I, [2021-01-15T15:47:28.399188 #11232]  INFO -- : (0.000119s) PRAGMA table_xinfo('players')
I, [2021-01-15T15:47:33.070444 #11232]  INFO -- : (0.000360s) SELECT * FROM `players`
I, [2021-01-15T15:49:24.683846 #11277]  INFO -- : (0.000128s) PRAGMA foreign_keys = 1
I, [2021-01-15T15:49:24.683951 #11277]  INFO -- : (0.000013s) PRAGMA case_sensitive_like = 1
I, [2021-01-15T15:49:25.173775 #11277]  INFO -- : (0.000073s) SELECT sqlite_version()
I, [2021-01-15T15:49:25.174001 #11277]  INFO -- : (0.000115s) PRAGMA table_xinfo('players')
I, [2021-01-15T15:49:26.992142 #11277]  INFO -- : (0.000192s) SELECT * FROM `players`
I, [2021-01-15T15:50:39.556951 #11277]  INFO -- : (0.000209s) SELECT * FROM `players`
I, [2021-01-15T15:51:18.620546 #11340]  INFO -- : (0.000113s) PRAGMA foreign_keys = 1
I, [2021-01-15T15:51:18.620635 #11340]  INFO -- : (0.000012s) PRAGMA case_sensitive_like = 1
I, [2021-01-15T15:51:19.115745 #11340]  INFO -- : (0.000077s) SELECT sqlite_version()
I, [2021-01-15T15:51:19.116005 #11340]  INFO -- : (0.000136s) PRAGMA table_xinfo('players')
I, [2021-01-15T15:51:26.365040 #11340]  INFO -- : (0.000315s) SELECT * FROM `players`
I, [2021-01-15T15:52:19.215123 #11340]  INFO -- : (0.000187s) SELECT * FROM `players`
I, [2021-01-15T15:52:44.528073 #11340]  INFO -- : (0.000267s) SELECT * FROM `players`
I, [2021-01-15T15:52:47.563599 #11340]  INFO -- : (0.000142s) SELECT * FROM `players` WHERE `id` = '100'
I, [2021-01-15T15:53:17.227684 #11340]  INFO -- : (0.000166s) SELECT * FROM `players` WHERE `id` = '100'
I, [2021-01-15T15:53:29.199315 #11340]  INFO -- : (0.000249s) SELECT * FROM `players` WHERE `id` = '100'
I, [2021-01-15T15:53:38.670125 #11434]  INFO -- : (0.000164s) PRAGMA foreign_keys = 1
I, [2021-01-15T15:53:38.670244 #11434]  INFO -- : (0.000019s) PRAGMA case_sensitive_like = 1
I, [2021-01-15T15:53:39.174333 #11434]  INFO -- : (0.000081s) SELECT sqlite_version()
I, [2021-01-15T15:53:39.174606 #11434]  INFO -- : (0.000137s) PRAGMA table_xinfo('players')
I, [2021-01-15T15:53:44.945378 #11434]  INFO -- : (0.000150s) SELECT * FROM `players` WHERE `id` = '100'
I, [2021-01-15T15:53:44.945513 #11434]  INFO -- : (0.000063s) SELECT * FROM `players` WHERE `id` = '100'
I, [2021-01-15T15:53:44.946594 #11434]  INFO -- : (0.001023s) DELETE FROM `players` WHERE `id` = 100
I, [2021-01-15T15:54:12.169839 #11434]  INFO -- : (0.000164s) SELECT * FROM `players` WHERE `id` = '100'
I, [2021-01-15T15:54:13.409374 #11434]  INFO -- : (0.000187s) SELECT * FROM `players`
I, [2021-01-15T15:56:53.518294 #11576]  INFO -- : (0.000114s) PRAGMA foreign_keys = 1
I, [2021-01-15T15:56:53.518381 #11576]  INFO -- : (0.000013s) PRAGMA case_sensitive_like = 1
I, [2021-01-15T15:56:54.000499 #11576]  INFO -- : (0.000075s) SELECT sqlite_version()
I, [2021-01-15T15:56:54.000758 #11576]  INFO -- : (0.000131s) PRAGMA table_xinfo('players')
I, [2021-01-15T15:57:20.887909 #11576]  INFO -- : (0.000236s) SELECT * FROM `players`
I, [2021-01-15T15:59:01.095166 #11576]  INFO -- : (0.000266s) SELECT * FROM `players`
I, [2021-01-15T16:08:43.973813 #11576]  INFO -- : (0.000300s) SELECT * FROM `players`
I, [2021-01-15T16:08:45.025513 #11576]  INFO -- : (0.000217s) SELECT * FROM `players` WHERE `id` = '1'
I, [2021-01-15T16:08:45.025662 #11576]  INFO -- : (0.000076s) SELECT * FROM `players` WHERE `id` = '1'
I, [2021-01-15T16:09:09.779692 #11720]  INFO -- : (0.000116s) PRAGMA foreign_keys = 1
I, [2021-01-15T16:09:09.779783 #11720]  INFO -- : (0.000013s) PRAGMA case_sensitive_like = 1
I, [2021-01-15T16:09:10.279644 #11720]  INFO -- : (0.000082s) SELECT sqlite_version()
I, [2021-01-15T16:09:10.279909 #11720]  INFO -- : (0.000136s) PRAGMA table_xinfo('players')
I, [2021-01-15T16:09:11.535642 #11720]  INFO -- : (0.000382s) SELECT * FROM `players` WHERE `id` = '1'
I, [2021-01-15T16:09:11.536106 #11720]  INFO -- : (0.000235s) SELECT * FROM `players` WHERE `id` = '1'
I, [2021-01-15T16:09:45.086083 #11720]  INFO -- : (0.000122s) SELECT * FROM `players` WHERE `id` = '1'
I, [2021-01-15T16:09:45.086220 #11720]  INFO -- : (0.000064s) SELECT * FROM `players` WHERE `id` = '1'
I, [2021-01-15T16:09:50.861206 #11720]  INFO -- : (0.000185s) SELECT * FROM `players` WHERE `id` = '100'
I, [2021-01-15T16:10:09.367177 #11720]  INFO -- : (0.000140s) SELECT * FROM `players` WHERE `id` = '100'
I, [2021-01-15T16:10:10.488464 #11720]  INFO -- : (0.000239s) SELECT * FROM `players`
I, [2021-01-15T16:10:11.421233 #11720]  INFO -- : (0.000166s) SELECT * FROM `players` WHERE `id` = '1'
I, [2021-01-15T16:10:11.422387 #11720]  INFO -- : (0.000170s) SELECT * FROM `players` WHERE `id` = '1'
I, [2021-01-15T16:11:59.668083 #11720]  INFO -- : (0.000122s) SELECT * FROM `players` WHERE `id` = '1'
I, [2021-01-15T16:11:59.668233 #11720]  INFO -- : (0.000067s) SELECT * FROM `players` WHERE `id` = '1'
I, [2021-01-15T16:12:08.958029 #11720]  INFO -- : (0.000154s) SELECT * FROM `players` WHERE `id` = '1'
I, [2021-01-15T16:12:08.958252 #11720]  INFO -- : (0.000074s) SELECT * FROM `players` WHERE `id` = '1'
I, [2021-01-15T16:17:03.419909 #11720]  INFO -- : (0.000033s) BEGIN
E, [2021-01-15T16:17:03.420190 #11720] ERROR -- : SQLite3::ConstraintException: UNIQUE constraint failed: players.id: INSERT INTO `players` (`id`, `first_name`, `surname`, `gender`, `club`, `country`, `position`, `date_of_birth`) VALUES (1, 'Dominic vsadsa', 'Calvert-Lewin', 'M', 'Everton', 'England', 'Forward', '1997-03-16')
I, [2021-01-15T16:17:03.420338 #11720]  INFO -- : (0.000044s) ROLLBACK
I, [2021-01-15T16:17:58.270765 #11720]  INFO -- : (0.000031s) BEGIN
E, [2021-01-15T16:17:58.270994 #11720] ERROR -- : SQLite3::ConstraintException: UNIQUE constraint failed: players.id: INSERT INTO `players` (`id`, `first_name`, `surname`, `gender`, `club`, `country`, `position`, `date_of_birth`) VALUES (1, 'Dominic vsadsa', 'Calvert-Lewin', 'M', 'Everton', 'England', 'Forward', '1997-03-16')
I, [2021-01-15T16:17:58.271127 #11720]  INFO -- : (0.000022s) ROLLBACK
I, [2021-01-15T16:19:44.390427 #11720]  INFO -- : (0.000137s) SELECT * FROM `players` WHERE `id` = '1'
I, [2021-01-15T16:19:44.390572 #11720]  INFO -- : (0.000067s) SELECT * FROM `players` WHERE `id` = '1'
I, [2021-01-15T16:19:44.390702 #11720]  INFO -- : (0.000015s) BEGIN
I, [2021-01-15T16:19:44.391084 #11720]  INFO -- : (0.000229s) UPDATE `players` SET `first_name` = 'Dominic vsadsa' WHERE (`id` = 1)
I, [2021-01-15T16:19:44.391786 #11720]  INFO -- : (0.000632s) COMMIT
I, [2021-01-15T16:19:44.395125 #11720]  INFO -- : (0.000168s) SELECT * FROM `players`
I, [2021-01-15T16:19:46.311031 #11720]  INFO -- : (0.000131s) SELECT * FROM `players` WHERE `id` = '1'
I, [2021-01-15T16:19:46.311162 #11720]  INFO -- : (0.000066s) SELECT * FROM `players` WHERE `id` = '1'
I, [2021-01-15T16:19:49.631384 #11720]  INFO -- : (0.000126s) SELECT * FROM `players` WHERE `id` = '1'
I, [2021-01-15T16:19:49.631586 #11720]  INFO -- : (0.000116s) SELECT * FROM `players` WHERE `id` = '1'
I, [2021-01-15T16:19:49.631768 #11720]  INFO -- : (0.000014s) BEGIN
I, [2021-01-15T16:19:49.632091 #11720]  INFO -- : (0.000176s) UPDATE `players` SET `first_name` = 'Dominic' WHERE (`id` = 1)
I, [2021-01-15T16:19:49.632660 #11720]  INFO -- : (0.000523s) COMMIT
I, [2021-01-15T16:19:49.636579 #11720]  INFO -- : (0.000185s) SELECT * FROM `players`
I, [2021-01-15T16:27:11.280164 #12271]  INFO -- : (0.000115s) PRAGMA foreign_keys = 1
I, [2021-01-15T16:27:11.280259 #12271]  INFO -- : (0.000012s) PRAGMA case_sensitive_like = 1
I, [2021-01-15T16:27:11.786094 #12271]  INFO -- : (0.000075s) SELECT sqlite_version()
I, [2021-01-15T16:27:11.786367 #12271]  INFO -- : (0.000139s) PRAGMA table_xinfo('players')
I, [2021-01-15T16:27:13.263338 #12271]  INFO -- : (0.000131s) SELECT * FROM `players` WHERE `id` = '1'
I, [2021-01-15T16:27:13.263472 #12271]  INFO -- : (0.000062s) SELECT * FROM `players` WHERE `id` = '1'
I, [2021-01-15T16:27:17.232848 #12271]  INFO -- : (0.000221s) SELECT * FROM `players` WHERE `id` = '1'
I, [2021-01-15T16:27:17.233092 #12271]  INFO -- : (0.000093s) SELECT * FROM `players` WHERE `id` = '1'
I, [2021-01-15T16:27:21.751549 #12271]  INFO -- : (0.000217s) SELECT * FROM `players` WHERE `id` = '1'
I, [2021-01-15T16:27:21.751907 #12271]  INFO -- : (0.000185s) SELECT * FROM `players` WHERE `id` = '1'
I, [2021-01-15T16:27:21.752170 #12271]  INFO -- : (0.000023s) BEGIN
I, [2021-01-15T16:27:21.753372 #12271]  INFO -- : (0.000719s) UPDATE `players` SET `gender` = 'F' WHERE (`id` = 1)
I, [2021-01-15T16:27:21.754559 #12271]  INFO -- : (0.000953s) COMMIT
I, [2021-01-15T16:27:21.758026 #12271]  INFO -- : (0.000178s) SELECT * FROM `players`
I, [2021-01-15T16:27:23.267218 #12271]  INFO -- : (0.000199s) SELECT * FROM `players` WHERE `id` = '1'
I, [2021-01-15T16:27:23.267353 #12271]  INFO -- : (0.000061s) SELECT * FROM `players` WHERE `id` = '1'
I, [2021-01-15T16:27:29.298236 #12271]  INFO -- : (0.000137s) SELECT * FROM `players` WHERE `id` = '1'
I, [2021-01-15T16:27:29.298400 #12271]  INFO -- : (0.000081s) SELECT * FROM `players` WHERE `id` = '1'
I, [2021-01-15T16:27:29.298534 #12271]  INFO -- : (0.000013s) BEGIN
I, [2021-01-15T16:27:29.298836 #12271]  INFO -- : (0.000175s) UPDATE `players` SET `gender` = 'M' WHERE (`id` = 1)
I, [2021-01-15T16:27:29.299409 #12271]  INFO -- : (0.000534s) COMMIT
I, [2021-01-15T16:27:29.303201 #12271]  INFO -- : (0.000186s) SELECT * FROM `players`
I, [2021-01-15T16:27:30.873150 #12271]  INFO -- : (0.000186s) SELECT * FROM `players` WHERE `id` = '1'
I, [2021-01-15T16:27:30.873312 #12271]  INFO -- : (0.000069s) SELECT * FROM `players` WHERE `id` = '1'
I, [2021-01-15T16:31:24.189187 #12420]  INFO -- : (0.000118s) PRAGMA foreign_keys = 1
I, [2021-01-15T16:31:24.189318 #12420]  INFO -- : (0.000013s) PRAGMA case_sensitive_like = 1
I, [2021-01-15T16:31:24.788614 #12420]  INFO -- : (0.000077s) SELECT sqlite_version()
I, [2021-01-15T16:31:24.788860 #12420]  INFO -- : (0.000121s) PRAGMA table_xinfo('players')
I, [2021-01-15T16:31:30.655118 #12420]  INFO -- : (0.000129s) SELECT * FROM `players` WHERE `id` = '1'
I, [2021-01-15T16:31:30.655245 #12420]  INFO -- : (0.000060s) SELECT * FROM `players` WHERE `id` = '1'
I, [2021-01-15T16:31:30.655420 #12420]  INFO -- : (0.000015s) BEGIN
I, [2021-01-15T16:31:30.655780 #12420]  INFO -- : (0.000226s) UPDATE `players` SET `date_of_birth` = '1997-03-16s' WHERE (`id` = 1)
I, [2021-01-15T16:31:30.656617 #12420]  INFO -- : (0.000784s) COMMIT
I, [2021-01-15T16:31:30.662549 #12420]  INFO -- : (0.000151s) SELECT * FROM `players`
I, [2021-01-15T16:31:33.018895 #12420]  INFO -- : (0.000129s) SELECT * FROM `players` WHERE `id` = '1'
I, [2021-01-15T16:31:33.019046 #12420]  INFO -- : (0.000086s) SELECT * FROM `players` WHERE `id` = '1'
I, [2021-01-15T16:32:43.141573 #12474]  INFO -- : (0.000114s) PRAGMA foreign_keys = 1
I, [2021-01-15T16:32:43.141664 #12474]  INFO -- : (0.000012s) PRAGMA case_sensitive_like = 1
I, [2021-01-15T16:32:43.635132 #12474]  INFO -- : (0.000076s) SELECT sqlite_version()
I, [2021-01-15T16:32:43.635370 #12474]  INFO -- : (0.000119s) PRAGMA table_xinfo('players')
I, [2021-01-15T16:32:47.702054 #12474]  INFO -- : (0.000127s) SELECT * FROM `players` WHERE `id` = '1'
I, [2021-01-15T16:32:47.702184 #12474]  INFO -- : (0.000064s) SELECT * FROM `players` WHERE `id` = '1'
I, [2021-01-15T16:33:00.853558 #12507]  INFO -- : (0.000115s) PRAGMA foreign_keys = 1
I, [2021-01-15T16:33:00.853646 #12507]  INFO -- : (0.000013s) PRAGMA case_sensitive_like = 1
I, [2021-01-15T16:33:01.366231 #12507]  INFO -- : (0.000077s) SELECT sqlite_version()
I, [2021-01-15T16:33:01.366475 #12507]  INFO -- : (0.000121s) PRAGMA table_xinfo('players')
I, [2021-01-15T16:33:04.584847 #12507]  INFO -- : (0.000128s) SELECT * FROM `players` WHERE `id` = '1'
I, [2021-01-15T16:33:04.584978 #12507]  INFO -- : (0.000063s) SELECT * FROM `players` WHERE `id` = '1'
I, [2021-01-15T16:34:14.984690 #12611]  INFO -- : (0.000114s) PRAGMA foreign_keys = 1
I, [2021-01-15T16:34:14.984783 #12611]  INFO -- : (0.000012s) PRAGMA case_sensitive_like = 1
I, [2021-01-15T16:34:15.485777 #12611]  INFO -- : (0.000074s) SELECT sqlite_version()
I, [2021-01-15T16:34:15.486011 #12611]  INFO -- : (0.000117s) PRAGMA table_xinfo('players')
I, [2021-01-15T16:34:18.699434 #12611]  INFO -- : (0.000137s) SELECT * FROM `players` WHERE `id` = '1'
I, [2021-01-15T16:34:18.699570 #12611]  INFO -- : (0.000065s) SELECT * FROM `players` WHERE `id` = '1'
I, [2021-01-15T16:34:33.822549 #12630]  INFO -- : (0.000115s) PRAGMA foreign_keys = 1
I, [2021-01-15T16:34:33.822641 #12630]  INFO -- : (0.000013s) PRAGMA case_sensitive_like = 1
I, [2021-01-15T16:34:34.319386 #12630]  INFO -- : (0.000077s) SELECT sqlite_version()
I, [2021-01-15T16:34:34.319658 #12630]  INFO -- : (0.000131s) PRAGMA table_xinfo('players')
I, [2021-01-15T16:34:38.339495 #12630]  INFO -- : (0.000131s) SELECT * FROM `players` WHERE `id` = '1'
I, [2021-01-15T16:34:38.339620 #12630]  INFO -- : (0.000064s) SELECT * FROM `players` WHERE `id` = '1'
I, [2021-01-15T16:34:50.912893 #12630]  INFO -- : (0.000468s) SELECT * FROM `players` WHERE `id` = '1'
I, [2021-01-15T16:34:50.913315 #12630]  INFO -- : (0.000198s) SELECT * FROM `players` WHERE `id` = '1'
I, [2021-01-15T16:34:53.778439 #12630]  INFO -- : (0.000119s) SELECT * FROM `players` WHERE `id` = '1'
I, [2021-01-15T16:34:53.778560 #12630]  INFO -- : (0.000061s) SELECT * FROM `players` WHERE `id` = '1'
I, [2021-01-15T16:35:15.782669 #12630]  INFO -- : (0.000162s) SELECT * FROM `players` WHERE `id` = '1'
I, [2021-01-15T16:35:15.782809 #12630]  INFO -- : (0.000066s) SELECT * FROM `players` WHERE `id` = '1'
I, [2021-01-15T16:35:16.974792 #12630]  INFO -- : (0.000136s) SELECT * FROM `players` WHERE `id` = '1'
I, [2021-01-15T16:35:16.974972 #12630]  INFO -- : (0.000096s) SELECT * FROM `players` WHERE `id` = '1'
I, [2021-01-15T16:35:23.588171 #12693]  INFO -- : (0.000118s) PRAGMA foreign_keys = 1
I, [2021-01-15T16:35:23.588263 #12693]  INFO -- : (0.000012s) PRAGMA case_sensitive_like = 1
I, [2021-01-15T16:35:24.082705 #12693]  INFO -- : (0.000073s) SELECT sqlite_version()
I, [2021-01-15T16:35:24.082945 #12693]  INFO -- : (0.000119s) PRAGMA table_xinfo('players')
I, [2021-01-15T16:35:27.294804 #12693]  INFO -- : (0.000176s) SELECT * FROM `players`
I, [2021-01-15T16:35:28.178018 #12693]  INFO -- : (0.000190s) SELECT * FROM `players` WHERE `id` = '1'
I, [2021-01-15T16:35:28.178170 #12693]  INFO -- : (0.000067s) SELECT * FROM `players` WHERE `id` = '1'
I, [2021-01-15T16:35:30.894826 #12693]  INFO -- : (0.000125s) SELECT * FROM `players` WHERE `id` = '1'
I, [2021-01-15T16:35:30.894980 #12693]  INFO -- : (0.000085s) SELECT * FROM `players` WHERE `id` = '1'
I, [2021-01-15T16:35:50.338505 #12724]  INFO -- : (0.000116s) PRAGMA foreign_keys = 1
I, [2021-01-15T16:35:50.338598 #12724]  INFO -- : (0.000013s) PRAGMA case_sensitive_like = 1
I, [2021-01-15T16:35:50.846503 #12724]  INFO -- : (0.000078s) SELECT sqlite_version()
I, [2021-01-15T16:35:50.846782 #12724]  INFO -- : (0.000144s) PRAGMA table_xinfo('players')
I, [2021-01-15T16:35:52.396151 #12724]  INFO -- : (0.000129s) SELECT * FROM `players` WHERE `id` = '1'
I, [2021-01-15T16:35:52.396286 #12724]  INFO -- : (0.000063s) SELECT * FROM `players` WHERE `id` = '1'
I, [2021-01-15T16:35:52.396452 #12724]  INFO -- : (0.000014s) BEGIN
I, [2021-01-15T16:35:52.396871 #12724]  INFO -- : (0.000238s) UPDATE `players` SET `date_of_birth` = '1997-03-16sadsfdsa' WHERE (`id` = 1)
I, [2021-01-15T16:35:52.397654 #12724]  INFO -- : (0.000735s) COMMIT
I, [2021-01-15T16:35:52.403541 #12724]  INFO -- : (0.000175s) SELECT * FROM `players`
I, [2021-01-15T16:35:54.558301 #12724]  INFO -- : (0.000128s) SELECT * FROM `players` WHERE `id` = '1'
I, [2021-01-15T16:35:54.558445 #12724]  INFO -- : (0.000064s) SELECT * FROM `players` WHERE `id` = '1'
I, [2021-01-15T16:35:56.324910 #12724]  INFO -- : (0.000196s) SELECT * FROM `players` WHERE `id` = '1'
I, [2021-01-15T16:35:56.325146 #12724]  INFO -- : (0.000168s) SELECT * FROM `players` WHERE `id` = '1'
I, [2021-01-15T16:35:56.329809 #12724]  INFO -- : (0.000152s) SELECT * FROM `players`
I, [2021-01-15T16:37:41.979842 #12724]  INFO -- : (0.000131s) SELECT * FROM `players` WHERE `id` = '1'
I, [2021-01-15T16:37:41.979990 #12724]  INFO -- : (0.000078s) SELECT * FROM `players` WHERE `id` = '1'
I, [2021-01-15T16:37:43.376754 #12724]  INFO -- : (0.000126s) SELECT * FROM `players` WHERE `id` = '1'
I, [2021-01-15T16:37:43.376896 #12724]  INFO -- : (0.000071s) SELECT * FROM `players` WHERE `id` = '1'
I, [2021-01-15T16:37:43.380656 #12724]  INFO -- : (0.000165s) SELECT * FROM `players`
I, [2021-01-15T16:37:44.926205 #12724]  INFO -- : (0.000198s) SELECT * FROM `players` WHERE `id` = '1'
I, [2021-01-15T16:37:44.926454 #12724]  INFO -- : (0.000106s) SELECT * FROM `players` WHERE `id` = '1'
I, [2021-01-15T16:37:47.337270 #12724]  INFO -- : (0.000430s) SELECT * FROM `players` WHERE `id` = '1'
I, [2021-01-15T16:37:47.337460 #12724]  INFO -- : (0.000088s) SELECT * FROM `players` WHERE `id` = '1'
I, [2021-01-15T16:37:47.341279 #12724]  INFO -- : (0.000155s) SELECT * FROM `players`
I, [2021-01-15T16:37:49.629848 #12724]  INFO -- : (0.000249s) SELECT * FROM `players` WHERE `id` = '1'
I, [2021-01-15T16:37:49.629982 #12724]  INFO -- : (0.000073s) SELECT * FROM `players` WHERE `id` = '1'
I, [2021-01-15T16:39:21.266614 #12818]  INFO -- : (0.000117s) PRAGMA foreign_keys = 1
I, [2021-01-15T16:39:21.266706 #12818]  INFO -- : (0.000013s) PRAGMA case_sensitive_like = 1
I, [2021-01-15T16:39:21.775551 #12818]  INFO -- : (0.000106s) SELECT sqlite_version()
I, [2021-01-15T16:39:21.775842 #12818]  INFO -- : (0.000134s) PRAGMA table_xinfo('players')
I, [2021-01-15T16:39:23.336181 #12818]  INFO -- : (0.000128s) SELECT * FROM `players` WHERE `id` = '1'
I, [2021-01-15T16:39:23.336312 #12818]  INFO -- : (0.000064s) SELECT * FROM `players` WHERE `id` = '1'
I, [2021-01-15T16:39:23.344188 #12818]  INFO -- : (0.000155s) SELECT * FROM `players`
I, [2021-01-15T16:39:55.840015 #12887]  INFO -- : (0.000115s) PRAGMA foreign_keys = 1
I, [2021-01-15T16:39:55.840108 #12887]  INFO -- : (0.000013s) PRAGMA case_sensitive_like = 1
I, [2021-01-15T16:39:56.346131 #12887]  INFO -- : (0.000078s) SELECT sqlite_version()
I, [2021-01-15T16:39:56.346397 #12887]  INFO -- : (0.000137s) PRAGMA table_xinfo('players')
I, [2021-01-15T16:39:57.401704 #12887]  INFO -- : (0.000227s) SELECT * FROM `players`
I, [2021-01-15T16:39:58.515203 #12887]  INFO -- : (0.000144s) SELECT * FROM `players` WHERE `id` = '1'
I, [2021-01-15T16:39:58.515327 #12887]  INFO -- : (0.000062s) SELECT * FROM `players` WHERE `id` = '1'
I, [2021-01-15T16:39:59.914602 #12887]  INFO -- : (0.000132s) SELECT * FROM `players` WHERE `id` = '1'
I, [2021-01-15T16:39:59.914741 #12887]  INFO -- : (0.000069s) SELECT * FROM `players` WHERE `id` = '1'
I, [2021-01-15T16:40:04.591477 #12887]  INFO -- : (0.000195s) SELECT * FROM `players` WHERE `id` = '1'
I, [2021-01-15T16:40:04.591674 #12887]  INFO -- : (0.000098s) SELECT * FROM `players` WHERE `id` = '1'
I, [2021-01-15T16:40:12.757592 #12887]  INFO -- : (0.000158s) SELECT * FROM `players` WHERE `id` = '1'
I, [2021-01-15T16:40:12.757863 #12887]  INFO -- : (0.000154s) SELECT * FROM `players` WHERE `id` = '1'
I, [2021-01-15T16:40:12.758109 #12887]  INFO -- : (0.000017s) BEGIN
I, [2021-01-15T16:40:12.758560 #12887]  INFO -- : (0.000236s) UPDATE `players` SET `date_of_birth` = '1997-03-16' WHERE (`id` = 1)
I, [2021-01-15T16:40:12.759004 #12887]  INFO -- : (0.000397s) COMMIT
I, [2021-01-15T16:40:12.762665 #12887]  INFO -- : (0.000183s) SELECT * FROM `players`
I, [2021-01-15T16:40:14.219405 #12887]  INFO -- : (0.000145s) SELECT * FROM `players` WHERE `id` = '1'
I, [2021-01-15T16:40:14.219550 #12887]  INFO -- : (0.000066s) SELECT * FROM `players` WHERE `id` = '1'
I, [2021-01-15T16:40:19.923816 #12887]  INFO -- : (0.000189s) SELECT * FROM `players` WHERE `id` = '1'
I, [2021-01-15T16:40:19.924039 #12887]  INFO -- : (0.000104s) SELECT * FROM `players` WHERE `id` = '1'
I, [2021-01-15T16:40:19.924271 #12887]  INFO -- : (0.000015s) BEGIN
I, [2021-01-15T16:40:19.924604 #12887]  INFO -- : (0.000199s) UPDATE `players` SET `date_of_birth` = '1987-03-16' WHERE (`id` = 1)
I, [2021-01-15T16:40:19.925203 #12887]  INFO -- : (0.000558s) COMMIT
I, [2021-01-15T16:40:19.928962 #12887]  INFO -- : (0.000171s) SELECT * FROM `players`
I, [2021-01-15T16:40:21.226081 #12887]  INFO -- : (0.000125s) SELECT * FROM `players` WHERE `id` = '1'
I, [2021-01-15T16:40:21.226302 #12887]  INFO -- : (0.000136s) SELECT * FROM `players` WHERE `id` = '1'
I, [2021-01-15T16:40:27.956241 #12887]  INFO -- : (0.000189s) SELECT * FROM `players` WHERE `id` = '1'
I, [2021-01-15T16:40:27.956387 #12887]  INFO -- : (0.000063s) SELECT * FROM `players` WHERE `id` = '1'
I, [2021-01-15T16:40:34.126536 #12887]  INFO -- : (0.000418s) SELECT * FROM `players`
I, [2021-01-15T16:40:35.581255 #12887]  INFO -- : (0.000213s) SELECT * FROM `players` WHERE `id` = '1'
I, [2021-01-15T16:40:35.581499 #12887]  INFO -- : (0.000128s) SELECT * FROM `players` WHERE `id` = '1'
I, [2021-01-15T16:40:39.644859 #12887]  INFO -- : (0.000180s) SELECT * FROM `players` WHERE `id` = '1'
I, [2021-01-15T16:40:39.645094 #12887]  INFO -- : (0.000106s) SELECT * FROM `players` WHERE `id` = '1'
I, [2021-01-15T16:40:39.645330 #12887]  INFO -- : (0.000014s) BEGIN
I, [2021-01-15T16:40:39.645715 #12887]  INFO -- : (0.000203s) UPDATE `players` SET `date_of_birth` = '1997-03-16' WHERE (`id` = 1)
I, [2021-01-15T16:40:39.646514 #12887]  INFO -- : (0.000723s) COMMIT
I, [2021-01-15T16:40:39.651302 #12887]  INFO -- : (0.000192s) SELECT * FROM `players`
I, [2021-01-15T18:16:50.036054 #13632]  INFO -- : (0.000116s) PRAGMA foreign_keys = 1
I, [2021-01-15T18:16:50.036144 #13632]  INFO -- : (0.000012s) PRAGMA case_sensitive_like = 1
I, [2021-01-15T18:16:50.539598 #13632]  INFO -- : (0.000078s) SELECT sqlite_version()
I, [2021-01-15T18:16:50.539859 #13632]  INFO -- : (0.000132s) PRAGMA table_xinfo('players')
I, [2021-01-15T18:16:54.428414 #13632]  INFO -- : (0.000127s) SELECT * FROM `players` WHERE `id` = '1'
I, [2021-01-15T18:16:54.428549 #13632]  INFO -- : (0.000066s) SELECT * FROM `players` WHERE `id` = '1'
I, [2021-01-15T18:17:23.934445 #13632]  INFO -- : (0.000135s) SELECT * FROM `players` WHERE `id` = '1'
I, [2021-01-15T18:17:23.934581 #13632]  INFO -- : (0.000063s) SELECT * FROM `players` WHERE `id` = '1'
I, [2021-01-15T18:17:34.467332 #13632]  INFO -- : (0.000168s) SELECT * FROM `players` WHERE `id` = '1'
I, [2021-01-15T18:17:34.467526 #13632]  INFO -- : (0.000112s) SELECT * FROM `players` WHERE `id` = '1'
I, [2021-01-15T18:17:34.470796 #13632]  INFO -- : (0.000149s) SELECT * FROM `players`
I, [2021-01-15T18:17:36.026414 #13632]  INFO -- : (0.000314s) SELECT * FROM `players` WHERE `id` = '1'
I, [2021-01-15T18:17:36.026664 #13632]  INFO -- : (0.000132s) SELECT * FROM `players` WHERE `id` = '1'
I, [2021-01-15T18:18:13.377521 #13632]  INFO -- : (0.000206s) SELECT * FROM `players` WHERE `id` = '1'
I, [2021-01-15T18:18:13.377674 #13632]  INFO -- : (0.000090s) SELECT * FROM `players` WHERE `id` = '1'
I, [2021-01-15T18:18:14.882574 #13632]  INFO -- : (0.000191s) SELECT * FROM `players` WHERE `id` = '1'
I, [2021-01-15T18:18:14.882852 #13632]  INFO -- : (0.000200s) SELECT * FROM `players` WHERE `id` = '1'
I, [2021-01-15T18:18:14.886580 #13632]  INFO -- : (0.000242s) SELECT * FROM `players`
I, [2021-01-15T18:18:16.007225 #13632]  INFO -- : (0.000156s) SELECT * FROM `players` WHERE `id` = '1'
I, [2021-01-15T18:18:16.007380 #13632]  INFO -- : (0.000095s) SELECT * FROM `players` WHERE `id` = '1'
I, [2021-01-15T18:18:19.134886 #13632]  INFO -- : (0.000179s) SELECT * FROM `players` WHERE `id` = '1'
I, [2021-01-15T18:18:19.135296 #13632]  INFO -- : (0.000196s) SELECT * FROM `players` WHERE `id` = '1'
I, [2021-01-15T18:18:19.140947 #13632]  INFO -- : (0.000177s) SELECT * FROM `players`
I, [2021-01-15T18:18:20.787071 #13632]  INFO -- : (0.000180s) SELECT * FROM `players` WHERE `id` = '1'
I, [2021-01-15T18:18:20.787194 #13632]  INFO -- : (0.000062s) SELECT * FROM `players` WHERE `id` = '1'
I, [2021-01-15T18:18:25.895720 #13632]  INFO -- : (0.000235s) SELECT * FROM `players` WHERE `id` = '1'
I, [2021-01-15T18:18:25.895882 #13632]  INFO -- : (0.000068s) SELECT * FROM `players` WHERE `id` = '1'
I, [2021-01-15T18:18:25.900079 #13632]  INFO -- : (0.000182s) SELECT * FROM `players`
I, [2021-01-15T18:18:27.210090 #13632]  INFO -- : (0.000238s) SELECT * FROM `players` WHERE `id` = '1'
I, [2021-01-15T18:18:27.210256 #13632]  INFO -- : (0.000081s) SELECT * FROM `players` WHERE `id` = '1'
I, [2021-01-15T18:18:44.446119 #13632]  INFO -- : (0.000188s) SELECT * FROM `players` WHERE `id` = '1'
I, [2021-01-15T18:18:44.446308 #13632]  INFO -- : (0.000096s) SELECT * FROM `players` WHERE `id` = '1'
I, [2021-01-15T18:18:44.449858 #13632]  INFO -- : (0.000215s) SELECT * FROM `players`
I, [2021-01-15T18:18:45.682552 #13632]  INFO -- : (0.000194s) SELECT * FROM `players` WHERE `id` = '1'
I, [2021-01-15T18:18:45.682879 #13632]  INFO -- : (0.000174s) SELECT * FROM `players` WHERE `id` = '1'
I, [2021-01-15T18:20:02.837139 #13632]  INFO -- : (0.000119s) SELECT * FROM `players` WHERE `id` = '1'
I, [2021-01-15T18:20:02.837275 #13632]  INFO -- : (0.000065s) SELECT * FROM `players` WHERE `id` = '1'
I, [2021-01-15T18:20:02.841157 #13632]  INFO -- : (0.000266s) SELECT * FROM `players`
I, [2021-01-15T18:20:04.170515 #13632]  INFO -- : (0.000167s) SELECT * FROM `players` WHERE `id` = '1'
I, [2021-01-15T18:20:04.170744 #13632]  INFO -- : (0.000107s) SELECT * FROM `players` WHERE `id` = '1'
I, [2021-01-15T18:20:11.414432 #13632]  INFO -- : (0.000158s) SELECT * FROM `players` WHERE `id` = '1'
I, [2021-01-15T18:20:11.414624 #13632]  INFO -- : (0.000104s) SELECT * FROM `players` WHERE `id` = '1'
I, [2021-01-15T18:20:11.417877 #13632]  INFO -- : (0.000164s) SELECT * FROM `players`
I, [2021-01-15T18:20:12.438315 #13632]  INFO -- : (0.000170s) SELECT * FROM `players` WHERE `id` = '1'
I, [2021-01-15T18:20:12.438507 #13632]  INFO -- : (0.000116s) SELECT * FROM `players` WHERE `id` = '1'
I, [2021-01-15T18:20:14.994705 #13632]  INFO -- : (0.000203s) SELECT * FROM `players` WHERE `id` = '1'
I, [2021-01-15T18:20:14.994837 #13632]  INFO -- : (0.000069s) SELECT * FROM `players` WHERE `id` = '1'
I, [2021-01-15T18:20:14.998374 #13632]  INFO -- : (0.000183s) SELECT * FROM `players`
I, [2021-01-15T18:20:27.364480 #13735]  INFO -- : (0.000115s) PRAGMA foreign_keys = 1
I, [2021-01-15T18:20:27.364565 #13735]  INFO -- : (0.000012s) PRAGMA case_sensitive_like = 1
I, [2021-01-15T18:20:27.862566 #13735]  INFO -- : (0.000079s) SELECT sqlite_version()
I, [2021-01-15T18:20:27.862826 #13735]  INFO -- : (0.000129s) PRAGMA table_xinfo('players')
I, [2021-01-15T18:20:30.735346 #13735]  INFO -- : (0.000128s) SELECT * FROM `players` WHERE `id` = '1'
I, [2021-01-15T18:20:30.735480 #13735]  INFO -- : (0.000061s) SELECT * FROM `players` WHERE `id` = '1'
I, [2021-01-15T18:20:37.643565 #13735]  INFO -- : (0.000134s) SELECT * FROM `players` WHERE `id` = '1'
I, [2021-01-15T18:20:37.643696 #13735]  INFO -- : (0.000062s) SELECT * FROM `players` WHERE `id` = '1'
I, [2021-01-15T18:20:37.646757 #13735]  INFO -- : (0.000154s) SELECT * FROM `players`
I, [2021-01-15T18:20:39.617472 #13735]  INFO -- : (0.000168s) SELECT * FROM `players` WHERE `id` = '1'
I, [2021-01-15T18:20:39.617651 #13735]  INFO -- : (0.000101s) SELECT * FROM `players` WHERE `id` = '1'
I, [2021-01-15T18:21:31.569184 #13769]  INFO -- : (0.000209s) PRAGMA foreign_keys = 1
I, [2021-01-15T18:21:31.569339 #13769]  INFO -- : (0.000012s) PRAGMA case_sensitive_like = 1
I, [2021-01-15T18:21:32.056466 #13769]  INFO -- : (0.000080s) SELECT sqlite_version()
I, [2021-01-15T18:21:32.056729 #13769]  INFO -- : (0.000132s) PRAGMA table_xinfo('players')
I, [2021-01-15T18:21:36.540316 #13769]  INFO -- : (0.000143s) SELECT * FROM `players` WHERE `id` = '1'
I, [2021-01-15T18:21:36.540443 #13769]  INFO -- : (0.000063s) SELECT * FROM `players` WHERE `id` = '1'
I, [2021-01-15T18:21:36.545972 #13769]  INFO -- : (0.000249s) SELECT * FROM `players`
I, [2021-01-15T18:21:45.553335 #13769]  INFO -- : (0.000157s) SELECT * FROM `players` WHERE `id` = '1'
I, [2021-01-15T18:21:45.553567 #13769]  INFO -- : (0.000110s) SELECT * FROM `players` WHERE `id` = '1'
I, [2021-01-15T18:21:46.430512 #13769]  INFO -- : (0.000187s) SELECT * FROM `players` WHERE `id` = '1'
I, [2021-01-15T18:21:46.430684 #13769]  INFO -- : (0.000092s) SELECT * FROM `players` WHERE `id` = '1'
I, [2021-01-15T18:21:46.435244 #13769]  INFO -- : (0.000176s) SELECT * FROM `players`
I, [2021-01-15T18:21:48.464941 #13769]  INFO -- : (0.000209s) SELECT * FROM `players` WHERE `id` = '1'
I, [2021-01-15T18:21:48.465097 #13769]  INFO -- : (0.000067s) SELECT * FROM `players` WHERE `id` = '1'
I, [2021-01-15T18:21:51.514795 #13769]  INFO -- : (0.000171s) SELECT * FROM `players` WHERE `id` = '1'
I, [2021-01-15T18:21:51.514939 #13769]  INFO -- : (0.000063s) SELECT * FROM `players` WHERE `id` = '1'
I, [2021-01-15T18:21:51.518209 #13769]  INFO -- : (0.000179s) SELECT * FROM `players`
I, [2021-01-15T18:21:57.507675 #13814]  INFO -- : (0.000116s) PRAGMA foreign_keys = 1
I, [2021-01-15T18:21:57.507768 #13814]  INFO -- : (0.000013s) PRAGMA case_sensitive_like = 1
I, [2021-01-15T18:21:58.091237 #13814]  INFO -- : (0.000082s) SELECT sqlite_version()
I, [2021-01-15T18:21:58.092337 #13814]  INFO -- : (0.000957s) PRAGMA table_xinfo('players')
I, [2021-01-15T18:22:00.248261 #13814]  INFO -- : (0.000130s) SELECT * FROM `players` WHERE `id` = '1'
I, [2021-01-15T18:22:00.248393 #13814]  INFO -- : (0.000062s) SELECT * FROM `players` WHERE `id` = '1'
I, [2021-01-15T18:22:03.419580 #13814]  INFO -- : (0.000139s) SELECT * FROM `players` WHERE `id` = '1'
I, [2021-01-15T18:22:03.419712 #13814]  INFO -- : (0.000062s) SELECT * FROM `players` WHERE `id` = '1'
I, [2021-01-15T18:22:03.422708 #13814]  INFO -- : (0.000152s) SELECT * FROM `players`
I, [2021-01-15T18:22:06.936428 #13814]  INFO -- : (0.000193s) SELECT * FROM `players` WHERE `id` = '1'
I, [2021-01-15T18:22:06.936673 #13814]  INFO -- : (0.000140s) SELECT * FROM `players` WHERE `id` = '1'
I, [2021-01-15T18:22:09.908566 #13814]  INFO -- : (0.000358s) SELECT * FROM `players` WHERE `id` = '1'
I, [2021-01-15T18:22:09.908776 #13814]  INFO -- : (0.000080s) SELECT * FROM `players` WHERE `id` = '1'
I, [2021-01-15T18:22:09.913949 #13814]  INFO -- : (0.000174s) SELECT * FROM `players`
I, [2021-01-15T18:22:28.614779 #13848]  INFO -- : (0.000118s) PRAGMA foreign_keys = 1
I, [2021-01-15T18:22:28.614872 #13848]  INFO -- : (0.000013s) PRAGMA case_sensitive_like = 1
I, [2021-01-15T18:22:29.111262 #13848]  INFO -- : (0.000075s) SELECT sqlite_version()
I, [2021-01-15T18:22:29.111521 #13848]  INFO -- : (0.000131s) PRAGMA table_xinfo('players')
I, [2021-01-15T18:22:31.581737 #13848]  INFO -- : (0.000136s) SELECT * FROM `players` WHERE `id` = '1'
I, [2021-01-15T18:22:31.581922 #13848]  INFO -- : (0.000066s) SELECT * FROM `players` WHERE `id` = '1'
I, [2021-01-15T18:22:32.906945 #13848]  INFO -- : (0.000170s) SELECT * FROM `players` WHERE `id` = '1'
I, [2021-01-15T18:22:32.907224 #13848]  INFO -- : (0.000126s) SELECT * FROM `players` WHERE `id` = '1'
I, [2021-01-15T18:22:32.910287 #13848]  INFO -- : (0.000164s) SELECT * FROM `players`
I, [2021-01-15T18:22:48.515479 #13848]  INFO -- : (0.000173s) SELECT * FROM `players` WHERE `id` = '1'
I, [2021-01-15T18:22:48.515707 #13848]  INFO -- : (0.000128s) SELECT * FROM `players` WHERE `id` = '1'
I, [2021-01-15T18:22:50.934913 #13848]  INFO -- : (0.000164s) SELECT * FROM `players` WHERE `id` = '1'
I, [2021-01-15T18:22:50.935060 #13848]  INFO -- : (0.000088s) SELECT * FROM `players` WHERE `id` = '1'
I, [2021-01-15T18:22:50.938635 #13848]  INFO -- : (0.000200s) SELECT * FROM `players`
I, [2021-01-15T18:22:57.550112 #13896]  INFO -- : (0.000197s) PRAGMA foreign_keys = 1
I, [2021-01-15T18:22:57.550261 #13896]  INFO -- : (0.000013s) PRAGMA case_sensitive_like = 1
I, [2021-01-15T18:22:58.035484 #13896]  INFO -- : (0.000122s) SELECT sqlite_version()
I, [2021-01-15T18:22:58.035835 #13896]  INFO -- : (0.000194s) PRAGMA table_xinfo('players')
I, [2021-01-15T18:23:00.221970 #13896]  INFO -- : (0.000158s) SELECT * FROM `players` WHERE `id` = '1'
I, [2021-01-15T18:23:00.222102 #13896]  INFO -- : (0.000063s) SELECT * FROM `players` WHERE `id` = '1'
I, [2021-01-15T18:23:02.683997 #13896]  INFO -- : (0.000170s) SELECT * FROM `players` WHERE `id` = '1'
I, [2021-01-15T18:23:02.684192 #13896]  INFO -- : (0.000097s) SELECT * FROM `players` WHERE `id` = '1'
I, [2021-01-15T18:23:02.688776 #13896]  INFO -- : (0.000172s) SELECT * FROM `players`
I, [2021-01-15T18:23:21.584103 #13933]  INFO -- : (0.000117s) PRAGMA foreign_keys = 1
I, [2021-01-15T18:23:21.584193 #13933]  INFO -- : (0.000012s) PRAGMA case_sensitive_like = 1
I, [2021-01-15T18:23:22.069491 #13933]  INFO -- : (0.000077s) SELECT sqlite_version()
I, [2021-01-15T18:23:22.069759 #13933]  INFO -- : (0.000139s) PRAGMA table_xinfo('players')
I, [2021-01-15T18:23:24.273115 #13933]  INFO -- : (0.000138s) SELECT * FROM `players` WHERE `id` = '1'
I, [2021-01-15T18:23:24.273254 #13933]  INFO -- : (0.000064s) SELECT * FROM `players` WHERE `id` = '1'
I, [2021-01-15T18:23:26.622968 #13933]  INFO -- : (0.000124s) SELECT * FROM `players` WHERE `id` = '1'
I, [2021-01-15T18:23:26.623110 #13933]  INFO -- : (0.000073s) SELECT * FROM `players` WHERE `id` = '1'
I, [2021-01-15T18:23:26.625963 #13933]  INFO -- : (0.000147s) SELECT * FROM `players`
I, [2021-01-15T18:24:43.441646 #13970]  INFO -- : (0.000114s) PRAGMA foreign_keys = 1
I, [2021-01-15T18:24:43.441733 #13970]  INFO -- : (0.000012s) PRAGMA case_sensitive_like = 1
I, [2021-01-15T18:24:43.936827 #13970]  INFO -- : (0.000082s) SELECT sqlite_version()
I, [2021-01-15T18:24:43.937088 #13970]  INFO -- : (0.000134s) PRAGMA table_xinfo('players')
I, [2021-01-15T18:24:54.516476 #13970]  INFO -- : (0.000152s) SELECT * FROM `players` WHERE `id` = '1'
I, [2021-01-15T18:24:54.516612 #13970]  INFO -- : (0.000063s) SELECT * FROM `players` WHERE `id` = '1'
I, [2021-01-15T18:24:56.923969 #13970]  INFO -- : (0.000132s) SELECT * FROM `players` WHERE `id` = '1'
I, [2021-01-15T18:24:56.924114 #13970]  INFO -- : (0.000071s) SELECT * FROM `players` WHERE `id` = '1'
I, [2021-01-15T18:25:21.040083 #14008]  INFO -- : (0.000113s) PRAGMA foreign_keys = 1
I, [2021-01-15T18:25:21.040169 #14008]  INFO -- : (0.000012s) PRAGMA case_sensitive_like = 1
I, [2021-01-15T18:25:21.541274 #14008]  INFO -- : (0.000081s) SELECT sqlite_version()
I, [2021-01-15T18:25:21.541543 #14008]  INFO -- : (0.000131s) PRAGMA table_xinfo('players')
I, [2021-01-15T18:25:24.766887 #14008]  INFO -- : (0.000405s) SELECT * FROM `players` WHERE `id` = '1'
I, [2021-01-15T18:25:24.767157 #14008]  INFO -- : (0.000091s) SELECT * FROM `players` WHERE `id` = '1'
I, [2021-01-15T18:25:24.767993 #14008]  INFO -- : (0.000039s) BEGIN
I, [2021-01-15T18:25:24.768961 #14008]  INFO -- : (0.000513s) UPDATE `players` SET `first_name` = 'Dominicdfasdfasd' WHERE (`id` = 1)
I, [2021-01-15T18:25:24.769586 #14008]  INFO -- : (0.000559s) COMMIT
I, [2021-01-15T18:25:24.774667 #14008]  INFO -- : (0.000214s) SELECT * FROM `players`
I, [2021-01-15T18:25:27.077382 #14008]  INFO -- : (0.000168s) SELECT * FROM `players` WHERE `id` = '1'
I, [2021-01-15T18:25:27.077533 #14008]  INFO -- : (0.000070s) SELECT * FROM `players` WHERE `id` = '1'
I, [2021-01-15T18:25:31.051871 #14008]  INFO -- : (0.002430s) SELECT * FROM `players` WHERE `id` = '1'
I, [2021-01-15T18:25:31.052235 #14008]  INFO -- : (0.000131s) SELECT * FROM `players` WHERE `id` = '1'
I, [2021-01-15T18:25:31.052439 #14008]  INFO -- : (0.000018s) BEGIN
I, [2021-01-15T18:25:31.052761 #14008]  INFO -- : (0.000192s) UPDATE `players` SET `first_name` = '' WHERE (`id` = 1)
I, [2021-01-15T18:25:31.053490 #14008]  INFO -- : (0.000689s) COMMIT
I, [2021-01-15T18:25:31.057216 #14008]  INFO -- : (0.000183s) SELECT * FROM `players`
I, [2021-01-15T18:25:33.320965 #14008]  INFO -- : (0.000211s) SELECT * FROM `players` WHERE `id` = '1'
I, [2021-01-15T18:25:33.321091 #14008]  INFO -- : (0.000064s) SELECT * FROM `players` WHERE `id` = '1'
I, [2021-01-15T18:25:42.682958 #14008]  INFO -- : (0.000238s) SELECT * FROM `players` WHERE `id` = '1'
I, [2021-01-15T18:25:42.683232 #14008]  INFO -- : (0.000108s) SELECT * FROM `players` WHERE `id` = '1'
I, [2021-01-15T18:25:42.683626 #14008]  INFO -- : (0.000025s) BEGIN
I, [2021-01-15T18:25:42.684323 #14008]  INFO -- : (0.000454s) UPDATE `players` SET `first_name` = 'Dominic.' WHERE (`id` = 1)
I, [2021-01-15T18:25:42.685242 #14008]  INFO -- : (0.000825s) COMMIT
I, [2021-01-15T18:25:42.688585 #14008]  INFO -- : (0.000183s) SELECT * FROM `players`
I, [2021-01-15T18:25:44.346216 #14008]  INFO -- : (0.000176s) SELECT * FROM `players` WHERE `id` = '1'
I, [2021-01-15T18:25:44.346413 #14008]  INFO -- : (0.000120s) SELECT * FROM `players` WHERE `id` = '1'
I, [2021-01-15T18:25:47.878863 #14008]  INFO -- : (0.000187s) SELECT * FROM `players` WHERE `id` = '1'
I, [2021-01-15T18:25:47.879033 #14008]  INFO -- : (0.000100s) SELECT * FROM `players` WHERE `id` = '1'
I, [2021-01-15T18:25:47.879237 #14008]  INFO -- : (0.000015s) BEGIN
I, [2021-01-15T18:25:47.879598 #14008]  INFO -- : (0.000204s) UPDATE `players` SET `first_name` = 'Dominic' WHERE (`id` = 1)
I, [2021-01-15T18:25:47.880296 #14008]  INFO -- : (0.000640s) COMMIT
I, [2021-01-15T18:25:47.885705 #14008]  INFO -- : (0.000175s) SELECT * FROM `players`
I, [2021-01-15T18:26:26.757227 #14062]  INFO -- : (0.000117s) PRAGMA foreign_keys = 1
I, [2021-01-15T18:26:26.757322 #14062]  INFO -- : (0.000012s) PRAGMA case_sensitive_like = 1
I, [2021-01-15T18:26:27.247176 #14062]  INFO -- : (0.000077s) SELECT sqlite_version()
I, [2021-01-15T18:26:27.247440 #14062]  INFO -- : (0.000131s) PRAGMA table_xinfo('players')
I, [2021-01-15T18:26:30.181333 #14062]  INFO -- : (0.000193s) SELECT * FROM `players` WHERE `id` = '1'
I, [2021-01-15T18:26:30.181573 #14062]  INFO -- : (0.000146s) SELECT * FROM `players` WHERE `id` = '1'
I, [2021-01-15T18:26:32.084362 #14062]  INFO -- : (0.000123s) SELECT * FROM `players` WHERE `id` = '1'
I, [2021-01-15T18:26:32.084490 #14062]  INFO -- : (0.000060s) SELECT * FROM `players` WHERE `id` = '1'
I, [2021-01-15T18:26:32.084840 #14062]  INFO -- : (0.000037s) BEGIN
I, [2021-01-15T18:26:32.085322 #14062]  INFO -- : (0.000298s) UPDATE `players` SET `surname` = 'Calvert-Lewinfadsfads' WHERE (`id` = 1)
I, [2021-01-15T18:26:32.085894 #14062]  INFO -- : (0.000528s) COMMIT
I, [2021-01-15T18:26:32.088930 #14062]  INFO -- : (0.000186s) SELECT * FROM `players`
I, [2021-01-15T18:26:34.260052 #14062]  INFO -- : (0.000136s) SELECT * FROM `players` WHERE `id` = '1'
I, [2021-01-15T18:26:34.261267 #14062]  INFO -- : (0.000080s) SELECT * FROM `players` WHERE `id` = '1'
I, [2021-01-15T18:26:38.581052 #14062]  INFO -- : (0.000181s) SELECT * FROM `players` WHERE `id` = '1'
I, [2021-01-15T18:26:38.581184 #14062]  INFO -- : (0.000068s) SELECT * FROM `players` WHERE `id` = '1'
I, [2021-01-15T18:26:38.581369 #14062]  INFO -- : (0.000015s) BEGIN
I, [2021-01-15T18:26:38.581677 #14062]  INFO -- : (0.000184s) UPDATE `players` SET `surname` = 'Calvert-Lewin' WHERE (`id` = 1)
I, [2021-01-15T18:26:38.582255 #14062]  INFO -- : (0.000536s) COMMIT
I, [2021-01-15T18:26:38.585752 #14062]  INFO -- : (0.000205s) SELECT * FROM `players`
I, [2021-01-15T18:26:39.693217 #14062]  INFO -- : (0.000163s) SELECT * FROM `players` WHERE `id` = '1'
I, [2021-01-15T18:26:39.693426 #14062]  INFO -- : (0.000128s) SELECT * FROM `players` WHERE `id` = '1'
I, [2021-01-15T18:26:43.721400 #14062]  INFO -- : (0.000120s) SELECT * FROM `players` WHERE `id` = '1'
I, [2021-01-15T18:26:43.721523 #14062]  INFO -- : (0.000062s) SELECT * FROM `players` WHERE `id` = '1'
I, [2021-01-15T18:26:43.721763 #14062]  INFO -- : (0.000016s) BEGIN
I, [2021-01-15T18:26:43.722216 #14062]  INFO -- : (0.000307s) UPDATE `players` SET `gender` = 'M.' WHERE (`id` = 1)
I, [2021-01-15T18:26:43.722809 #14062]  INFO -- : (0.000542s) COMMIT
I, [2021-01-15T18:26:43.726275 #14062]  INFO -- : (0.000171s) SELECT * FROM `players`
I, [2021-01-15T18:26:46.948700 #14062]  INFO -- : (0.000127s) SELECT * FROM `players` WHERE `id` = '1'
I, [2021-01-15T18:26:46.948846 #14062]  INFO -- : (0.000083s) SELECT * FROM `players` WHERE `id` = '1'
I, [2021-01-15T18:26:50.200820 #14062]  INFO -- : (0.000120s) SELECT * FROM `players` WHERE `id` = '1'
I, [2021-01-15T18:26:50.200943 #14062]  INFO -- : (0.000066s) SELECT * FROM `players` WHERE `id` = '1'
I, [2021-01-15T18:26:50.201127 #14062]  INFO -- : (0.000014s) BEGIN
I, [2021-01-15T18:26:50.201513 #14062]  INFO -- : (0.000271s) UPDATE `players` SET `gender` = 'M' WHERE (`id` = 1)
I, [2021-01-15T18:26:50.201969 #14062]  INFO -- : (0.000415s) COMMIT
I, [2021-01-15T18:26:50.205840 #14062]  INFO -- : (0.000201s) SELECT * FROM `players`
I, [2021-01-15T18:26:56.262833 #14062]  INFO -- : (0.000156s) SELECT * FROM `players` WHERE `id` = '1'
I, [2021-01-15T18:26:56.262995 #14062]  INFO -- : (0.000093s) SELECT * FROM `players` WHERE `id` = '1'
I, [2021-01-15T18:26:59.594936 #14062]  INFO -- : (0.000167s) SELECT * FROM `players` WHERE `id` = '1'
I, [2021-01-15T18:26:59.595145 #14062]  INFO -- : (0.000089s) SELECT * FROM `players` WHERE `id` = '1'
I, [2021-01-15T18:26:59.595323 #14062]  INFO -- : (0.000015s) BEGIN
I, [2021-01-15T18:26:59.595641 #14062]  INFO -- : (0.000194s) UPDATE `players` SET `first_name` = '' WHERE (`id` = 1)
I, [2021-01-15T18:26:59.596336 #14062]  INFO -- : (0.000649s) COMMIT
I, [2021-01-15T18:26:59.599989 #14062]  INFO -- : (0.000175s) SELECT * FROM `players`
I, [2021-01-15T18:27:37.079010 #14105]  INFO -- : (0.000116s) PRAGMA foreign_keys = 1
I, [2021-01-15T18:27:37.079098 #14105]  INFO -- : (0.000013s) PRAGMA case_sensitive_like = 1
I, [2021-01-15T18:27:37.577954 #14105]  INFO -- : (0.000078s) SELECT sqlite_version()
I, [2021-01-15T18:27:37.578220 #14105]  INFO -- : (0.000133s) PRAGMA table_xinfo('players')
I, [2021-01-15T18:27:47.678430 #14105]  INFO -- : (0.000152s) SELECT * FROM `players` WHERE `id` = '1'
I, [2021-01-15T18:27:47.678567 #14105]  INFO -- : (0.000065s) SELECT * FROM `players` WHERE `id` = '1'
I, [2021-01-15T18:27:49.569963 #14105]  INFO -- : (0.000140s) SELECT * FROM `players` WHERE `id` = '1'
I, [2021-01-15T18:27:49.570154 #14105]  INFO -- : (0.000115s) SELECT * FROM `players` WHERE `id` = '1'
I, [2021-01-15T18:27:49.573792 #14105]  INFO -- : (0.000152s) SELECT * FROM `players`
I, [2021-01-15T18:27:54.727598 #14121]  INFO -- : (0.000115s) PRAGMA foreign_keys = 1
I, [2021-01-15T18:27:54.727684 #14121]  INFO -- : (0.000013s) PRAGMA case_sensitive_like = 1
I, [2021-01-15T18:27:55.213460 #14121]  INFO -- : (0.000080s) SELECT sqlite_version()
I, [2021-01-15T18:27:55.213726 #14121]  INFO -- : (0.000134s) PRAGMA table_xinfo('players')
I, [2021-01-15T18:27:56.826198 #14121]  INFO -- : (0.000154s) SELECT * FROM `players` WHERE `id` = '1'
I, [2021-01-15T18:27:56.826439 #14121]  INFO -- : (0.000100s) SELECT * FROM `players` WHERE `id` = '1'
I, [2021-01-15T18:27:58.377492 #14121]  INFO -- : (0.000128s) SELECT * FROM `players` WHERE `id` = '1'
I, [2021-01-15T18:27:58.377628 #14121]  INFO -- : (0.000068s) SELECT * FROM `players` WHERE `id` = '1'
I, [2021-01-15T18:27:58.381256 #14121]  INFO -- : (0.000279s) SELECT * FROM `players`
I, [2021-01-15T18:28:58.541785 #14188]  INFO -- : (0.000116s) PRAGMA foreign_keys = 1
I, [2021-01-15T18:28:58.541882 #14188]  INFO -- : (0.000012s) PRAGMA case_sensitive_like = 1
I, [2021-01-15T18:28:59.050218 #14188]  INFO -- : (0.000083s) SELECT sqlite_version()
I, [2021-01-15T18:28:59.050478 #14188]  INFO -- : (0.000135s) PRAGMA table_xinfo('players')
I, [2021-01-15T18:29:01.149592 #14188]  INFO -- : (0.000129s) SELECT * FROM `players` WHERE `id` = '1'
I, [2021-01-15T18:29:01.149728 #14188]  INFO -- : (0.000063s) SELECT * FROM `players` WHERE `id` = '1'
I, [2021-01-15T18:29:02.578247 #14188]  INFO -- : (0.000197s) SELECT * FROM `players` WHERE `id` = '1'
I, [2021-01-15T18:29:02.578385 #14188]  INFO -- : (0.000065s) SELECT * FROM `players` WHERE `id` = '1'
I, [2021-01-15T18:29:02.581445 #14188]  INFO -- : (0.000140s) SELECT * FROM `players`
I, [2021-01-15T18:29:07.354455 #14188]  INFO -- : (0.000222s) SELECT * FROM `players` WHERE `id` = '1'
I, [2021-01-15T18:29:07.354672 #14188]  INFO -- : (0.000101s) SELECT * FROM `players` WHERE `id` = '1'
I, [2021-01-15T18:29:08.918730 #14188]  INFO -- : (0.000119s) SELECT * FROM `players` WHERE `id` = '1'
I, [2021-01-15T18:29:08.918881 #14188]  INFO -- : (0.000092s) SELECT * FROM `players` WHERE `id` = '1'
I, [2021-01-15T18:29:08.923305 #14188]  INFO -- : (0.000342s) SELECT * FROM `players`
I, [2021-01-15T18:29:27.847391 #14223]  INFO -- : (0.000121s) PRAGMA foreign_keys = 1
I, [2021-01-15T18:29:27.847483 #14223]  INFO -- : (0.000013s) PRAGMA case_sensitive_like = 1
I, [2021-01-15T18:29:28.350564 #14223]  INFO -- : (0.000077s) SELECT sqlite_version()
I, [2021-01-15T18:29:28.350837 #14223]  INFO -- : (0.000137s) PRAGMA table_xinfo('players')
I, [2021-01-15T18:29:31.322596 #14223]  INFO -- : (0.000361s) SELECT * FROM `players` WHERE `id` = '1'
I, [2021-01-15T18:29:31.322835 #14223]  INFO -- : (0.000084s) SELECT * FROM `players` WHERE `id` = '1'
I, [2021-01-15T18:29:32.357397 #14223]  INFO -- : (0.000184s) SELECT * FROM `players` WHERE `id` = '1'
I, [2021-01-15T18:29:32.357582 #14223]  INFO -- : (0.000112s) SELECT * FROM `players` WHERE `id` = '1'
I, [2021-01-15T18:29:49.595507 #14260]  INFO -- : (0.000115s) PRAGMA foreign_keys = 1
I, [2021-01-15T18:29:49.595594 #14260]  INFO -- : (0.000012s) PRAGMA case_sensitive_like = 1
I, [2021-01-15T18:29:50.086814 #14260]  INFO -- : (0.000081s) SELECT sqlite_version()
I, [2021-01-15T18:29:50.087079 #14260]  INFO -- : (0.000131s) PRAGMA table_xinfo('players')
I, [2021-01-15T18:29:52.801534 #14260]  INFO -- : (0.000370s) SELECT * FROM `players` WHERE `id` = '1'
I, [2021-01-15T18:29:52.801697 #14260]  INFO -- : (0.000079s) SELECT * FROM `players` WHERE `id` = '1'
I, [2021-01-15T18:29:57.876468 #14260]  INFO -- : (0.000131s) SELECT * FROM `players` WHERE `id` = '1'
I, [2021-01-15T18:29:57.876603 #14260]  INFO -- : (0.000072s) SELECT * FROM `players` WHERE `id` = '1'
I, [2021-01-15T18:29:57.876816 #14260]  INFO -- : (0.000022s) BEGIN
I, [2021-01-15T18:29:57.877394 #14260]  INFO -- : (0.000315s) UPDATE `players` SET `first_name` = 'Dominic' WHERE (`id` = 1)
I, [2021-01-15T18:29:57.878041 #14260]  INFO -- : (0.000599s) COMMIT
I, [2021-01-15T18:29:57.882400 #14260]  INFO -- : (0.000203s) SELECT * FROM `players`
I, [2021-01-15T18:29:58.968619 #14260]  INFO -- : (0.000158s) SELECT * FROM `players` WHERE `id` = '1'
I, [2021-01-15T18:29:58.968830 #14260]  INFO -- : (0.000099s) SELECT * FROM `players` WHERE `id` = '1'
I, [2021-01-15T18:31:17.614297 #14312]  INFO -- : (0.000116s) PRAGMA foreign_keys = 1
I, [2021-01-15T18:31:17.614389 #14312]  INFO -- : (0.000012s) PRAGMA case_sensitive_like = 1
I, [2021-01-15T18:31:18.115325 #14312]  INFO -- : (0.000074s) SELECT sqlite_version()
I, [2021-01-15T18:31:18.115582 #14312]  INFO -- : (0.000134s) PRAGMA table_xinfo('players')
I, [2021-01-15T18:31:20.203921 #14312]  INFO -- : (0.000334s) SELECT * FROM `players`
I, [2021-01-15T18:32:54.427682 #14312]  INFO -- : (0.000033s) BEGIN
I, [2021-01-15T18:32:54.428212 #14312]  INFO -- : (0.000269s) INSERT INTO `players` (`first_name`, `surname`, `gender`, `club`, `country`, `position`, `date_of_birth`) VALUES ('phil', 'trest', 'test', 'esatesd', 'satedsa', 'satsed', '1997-03-16')
I, [2021-01-15T18:32:54.428416 #14312]  INFO -- : (0.000065s) SELECT * FROM `players` WHERE `id` = 13
I, [2021-01-15T18:32:54.428866 #14312]  INFO -- : (0.000392s) COMMIT
I, [2021-01-15T18:32:54.432159 #14312]  INFO -- : (0.000193s) SELECT * FROM `players`
I, [2021-01-15T18:32:58.115824 #14312]  INFO -- : (0.000136s) SELECT * FROM `players` WHERE `id` = '13'
I, [2021-01-15T18:32:58.115948 #14312]  INFO -- : (0.000060s) SELECT * FROM `players` WHERE `id` = '13'
I, [2021-01-15T18:32:59.793216 #14312]  INFO -- : (0.000117s) SELECT * FROM `players` WHERE `id` = '13'
I, [2021-01-15T18:32:59.793349 #14312]  INFO -- : (0.000063s) SELECT * FROM `players` WHERE `id` = '13'
I, [2021-01-15T18:32:59.797423 #14312]  INFO -- : (0.000155s) SELECT * FROM `players`
I, [2021-01-15T18:33:40.391471 #14373]  INFO -- : (0.000119s) PRAGMA foreign_keys = 1
I, [2021-01-15T18:33:40.391558 #14373]  INFO -- : (0.000012s) PRAGMA case_sensitive_like = 1
I, [2021-01-15T18:33:40.889227 #14373]  INFO -- : (0.000122s) SELECT sqlite_version()
I, [2021-01-15T18:33:40.889584 #14373]  INFO -- : (0.000182s) PRAGMA table_xinfo('players')
I, [2021-01-15T18:33:47.254536 #14373]  INFO -- : (0.000205s) SELECT * FROM `players`
I, [2021-01-15T18:34:16.242079 #14373]  INFO -- : (0.000131s) SELECT * FROM `players` WHERE `id` = '13'
I, [2021-01-15T18:34:16.242215 #14373]  INFO -- : (0.000072s) SELECT * FROM `players` WHERE `id` = '13'
I, [2021-01-15T18:34:18.415200 #14373]  INFO -- : (0.000139s) SELECT * FROM `players` WHERE `id` = '13'
I, [2021-01-15T18:34:18.415339 #14373]  INFO -- : (0.000066s) SELECT * FROM `players` WHERE `id` = '13'
I, [2021-01-15T18:34:18.416769 #14373]  INFO -- : (0.001310s) DELETE FROM `players` WHERE `id` = 13
I, [2021-01-15T18:34:19.933138 #14373]  INFO -- : (0.000353s) SELECT * FROM `players`
I, [2021-01-15T18:34:51.951164 #14373]  INFO -- : (0.000034s) BEGIN
I, [2021-01-15T18:34:51.951510 #14373]  INFO -- : (0.000184s) INSERT INTO `players` (`first_name`, `surname`, `gender`, `club`, `country`, `position`, `date_of_birth`) VALUES ('Phil', 'McMinn', 'M', 'Everton', 'England', 'Midfield', '1978-04-25')
I, [2021-01-15T18:34:51.951684 #14373]  INFO -- : (0.000060s) SELECT * FROM `players` WHERE `id` = 13
I, [2021-01-15T18:34:51.952385 #14373]  INFO -- : (0.000659s) COMMIT
I, [2021-01-15T18:34:51.955948 #14373]  INFO -- : (0.000198s) SELECT * FROM `players`
I, [2021-01-15T18:34:54.502757 #14373]  INFO -- : (0.000168s) SELECT * FROM `players` WHERE `id` = '13'
I, [2021-01-15T18:34:54.502875 #14373]  INFO -- : (0.000060s) SELECT * FROM `players` WHERE `id` = '13'
I, [2021-01-15T18:34:59.206358 #14373]  INFO -- : (0.000136s) SELECT * FROM `players` WHERE `id` = '13'
I, [2021-01-15T18:34:59.206480 #14373]  INFO -- : (0.000062s) SELECT * FROM `players` WHERE `id` = '13'
I, [2021-01-15T18:34:59.206626 #14373]  INFO -- : (0.000012s) BEGIN
I, [2021-01-15T18:34:59.206961 #14373]  INFO -- : (0.000221s) UPDATE `players` SET `position` = 'Midfield' WHERE (`id` = 13)
I, [2021-01-15T18:34:59.207560 #14373]  INFO -- : (0.000558s) COMMIT
I, [2021-01-15T18:34:59.212515 #14373]  INFO -- : (0.000436s) SELECT * FROM `players`
I, [2021-01-15T18:35:13.841292 #14373]  INFO -- : (0.000145s) SELECT * FROM `players` WHERE `id` = '13'
I, [2021-01-15T18:35:13.841472 #14373]  INFO -- : (0.000073s) SELECT * FROM `players` WHERE `id` = '13'
I, [2021-01-15T18:35:16.261351 #14373]  INFO -- : (0.000282s) SELECT * FROM `players` WHERE `id` = '13'
I, [2021-01-15T18:35:16.261611 #14373]  INFO -- : (0.000099s) SELECT * FROM `players` WHERE `id` = '13'
I, [2021-01-15T18:35:16.262987 #14373]  INFO -- : (0.001288s) DELETE FROM `players` WHERE `id` = 13
I, [2021-01-15T18:35:19.376290 #14373]  INFO -- : (0.000580s) SELECT * FROM `players`
I, [2021-01-15T18:35:23.672520 #14373]  INFO -- : (0.000136s) SELECT * FROM `players` WHERE `id` = '1'
I, [2021-01-15T18:35:23.672663 #14373]  INFO -- : (0.000064s) SELECT * FROM `players` WHERE `id` = '1'
I, [2021-01-15T18:35:28.119796 #14373]  INFO -- : (0.000107s) SELECT * FROM `players` WHERE `id` = '100'
I, [2021-01-15T18:35:29.636846 #14373]  INFO -- : (0.000169s) SELECT * FROM `players`
I, [2021-01-15T18:40:38.989156 #14373]  INFO -- : (0.000089s) BEGIN
I, [2021-01-15T18:40:38.989669 #14373]  INFO -- : (0.000242s) INSERT INTO `players` (`first_name`, `surname`, `gender`, `club`, `country`, `position`, `date_of_birth`) VALUES ('test', 'test', 'test', 'test', 'test', 'test', '2000-01-01')
I, [2021-01-15T18:40:38.989823 #14373]  INFO -- : (0.000065s) SELECT * FROM `players` WHERE `id` = 13
I, [2021-01-15T18:40:38.990564 #14373]  INFO -- : (0.000662s) COMMIT
I, [2021-01-15T18:40:38.994318 #14373]  INFO -- : (0.000189s) SELECT * FROM `players`
I, [2021-01-15T18:40:41.820766 #14373]  INFO -- : (0.000117s) SELECT * FROM `players` WHERE `id` = '13'
I, [2021-01-15T18:40:41.821034 #14373]  INFO -- : (0.000129s) SELECT * FROM `players` WHERE `id` = '13'
I, [2021-01-15T18:40:49.271050 #14373]  INFO -- : (0.000282s) SELECT * FROM `players` WHERE `id` = '13'
I, [2021-01-15T18:40:49.271405 #14373]  INFO -- : (0.000131s) SELECT * FROM `players` WHERE `id` = '13'
I, [2021-01-15T18:40:49.273318 #14373]  INFO -- : (0.001771s) DELETE FROM `players` WHERE `id` = 13
I, [2021-01-15T18:40:49.278289 #14373]  INFO -- : (0.000330s) SELECT * FROM `players`
I, [2021-01-15T19:29:17.756856 #14373]  INFO -- : (0.000277s) SELECT * FROM `players`
I, [2021-01-15T19:29:31.602793 #14373]  INFO -- : (0.000355s) SELECT * FROM `players`
I, [2021-01-15T19:30:10.545644 #14373]  INFO -- : (0.000239s) SELECT * FROM `players`
I, [2021-01-15T19:30:22.330151 #14373]  INFO -- : (0.000165s) SELECT * FROM `players`
I, [2021-01-15T19:30:33.328437 #14373]  INFO -- : (0.000110s) SELECT count(*) AS 'count' FROM `players` WHERE (`club` LIKE '%Everton%' ESCAPE '\') LIMIT 1
I, [2021-01-15T19:30:33.328684 #14373]  INFO -- : (0.000166s) SELECT * FROM `players` WHERE (`club` LIKE '%Everton%' ESCAPE '\')
I, [2021-01-15T19:30:36.086658 #14373]  INFO -- : (0.000290s) SELECT * FROM `players` WHERE `id` = '11'
I, [2021-01-15T19:30:36.086782 #14373]  INFO -- : (0.000063s) SELECT * FROM `players` WHERE `id` = '11'
I, [2021-01-15T19:30:42.802168 #14373]  INFO -- : (0.000293s) SELECT * FROM `players`
I, [2021-01-15T19:39:35.399802 #14825]  INFO -- : (0.000229s) PRAGMA foreign_keys = 1
I, [2021-01-15T19:39:35.399970 #14825]  INFO -- : (0.000026s) PRAGMA case_sensitive_like = 1
I, [2021-01-15T19:39:35.896480 #14825]  INFO -- : (0.000076s) SELECT sqlite_version()
I, [2021-01-15T19:39:35.897211 #14825]  INFO -- : (0.000604s) PRAGMA table_xinfo('players')
I, [2021-01-15T19:39:39.058210 #14825]  INFO -- : (0.000177s) SELECT * FROM `players`
I, [2021-01-15T19:39:40.755736 #14825]  INFO -- : (0.000173s) SELECT * FROM `players` WHERE `id` = '1'
I, [2021-01-15T19:39:40.755927 #14825]  INFO -- : (0.000108s) SELECT * FROM `players` WHERE `id` = '1'
I, [2021-01-15T19:39:45.615645 #14825]  INFO -- : (0.000211s) SELECT * FROM `players`
I, [2021-01-15T19:41:47.555681 #14884]  INFO -- : (0.000117s) PRAGMA foreign_keys = 1
I, [2021-01-15T19:41:47.555790 #14884]  INFO -- : (0.000012s) PRAGMA case_sensitive_like = 1
I, [2021-01-15T19:41:48.048925 #14884]  INFO -- : (0.000081s) SELECT sqlite_version()
I, [2021-01-15T19:41:48.049193 #14884]  INFO -- : (0.000134s) PRAGMA table_xinfo('players')
I, [2021-01-15T19:41:53.368980 #14884]  INFO -- : (0.000130s) SELECT * FROM `players` WHERE `id` = '1'
I, [2021-01-15T19:41:53.369123 #14884]  INFO -- : (0.000064s) SELECT * FROM `players` WHERE `id` = '1'
I, [2021-01-15T19:54:49.408940 #15174]  INFO -- : (0.000114s) PRAGMA foreign_keys = 1
I, [2021-01-15T19:54:49.409035 #15174]  INFO -- : (0.000012s) PRAGMA case_sensitive_like = 1
I, [2021-01-15T19:54:49.904027 #15174]  INFO -- : (0.000075s) SELECT sqlite_version()
I, [2021-01-15T19:54:49.904298 #15174]  INFO -- : (0.000140s) PRAGMA table_xinfo('players')
I, [2021-01-15T19:54:55.214299 #15174]  INFO -- : (0.000181s) SELECT * FROM `players`
I, [2021-01-15T19:54:56.379514 #15174]  INFO -- : (0.000135s) SELECT * FROM `players` WHERE `id` = '1'
I, [2021-01-15T19:54:56.379652 #15174]  INFO -- : (0.000074s) SELECT * FROM `players` WHERE `id` = '1'
I, [2021-01-15T19:55:00.613889 #15174]  INFO -- : (0.000149s) SELECT * FROM `players` WHERE `id` = '1'
I, [2021-01-15T19:55:00.614028 #15174]  INFO -- : (0.000067s) SELECT * FROM `players` WHERE `id` = '1'
I, [2021-01-15T20:14:55.459926 #16080]  INFO -- : (0.000115s) PRAGMA foreign_keys = 1
I, [2021-01-15T20:14:55.460023 #16080]  INFO -- : (0.000013s) PRAGMA case_sensitive_like = 1
I, [2021-01-15T20:14:55.957480 #16080]  INFO -- : (0.000080s) SELECT sqlite_version()
I, [2021-01-15T20:14:55.958547 #16080]  INFO -- : (0.000193s) PRAGMA table_xinfo('players')
I, [2021-01-15T20:17:48.540510 #16117]  INFO -- : (0.000118s) PRAGMA foreign_keys = 1
I, [2021-01-15T20:17:48.540616 #16117]  INFO -- : (0.000012s) PRAGMA case_sensitive_like = 1
I, [2021-01-15T20:17:49.039842 #16117]  INFO -- : (0.000074s) SELECT sqlite_version()
I, [2021-01-15T20:17:49.040595 #16117]  INFO -- : (0.000620s) PRAGMA table_xinfo('players')
I, [2021-01-15T20:17:55.018271 #16117]  INFO -- : (0.000275s) SELECT * FROM `players`
I, [2021-01-15T20:17:57.049619 #16117]  INFO -- : (0.000164s) SELECT * FROM `players` WHERE `id` = '1'
I, [2021-01-15T20:17:57.049785 #16117]  INFO -- : (0.000089s) SELECT * FROM `players` WHERE `id` = '1'
I, [2021-01-15T20:17:59.408034 #16117]  INFO -- : (0.000134s) SELECT * FROM `players` WHERE `id` = '1'
I, [2021-01-15T20:17:59.408159 #16117]  INFO -- : (0.000062s) SELECT * FROM `players` WHERE `id` = '1'
I, [2021-01-15T20:18:34.118333 #16150]  INFO -- : (0.000141s) PRAGMA foreign_keys = 1
I, [2021-01-15T20:18:34.118433 #16150]  INFO -- : (0.000013s) PRAGMA case_sensitive_like = 1
I, [2021-01-15T20:18:34.625580 #16150]  INFO -- : (0.000079s) SELECT sqlite_version()
I, [2021-01-15T20:18:34.626414 #16150]  INFO -- : (0.000695s) PRAGMA table_xinfo('players')
I, [2021-01-15T20:18:46.609537 #16150]  INFO -- : (0.000193s) SELECT * FROM `players`
I, [2021-01-15T20:19:23.906282 #16191]  INFO -- : (0.000115s) PRAGMA foreign_keys = 1
I, [2021-01-15T20:19:23.906379 #16191]  INFO -- : (0.000012s) PRAGMA case_sensitive_like = 1
I, [2021-01-15T20:19:24.391731 #16191]  INFO -- : (0.000076s) SELECT sqlite_version()
I, [2021-01-15T20:19:24.392492 #16191]  INFO -- : (0.000625s) PRAGMA table_xinfo('players')
I, [2021-01-15T20:19:57.603129 #16233]  INFO -- : (0.000116s) PRAGMA foreign_keys = 1
I, [2021-01-15T20:19:57.603229 #16233]  INFO -- : (0.000013s) PRAGMA case_sensitive_like = 1
I, [2021-01-15T20:19:58.089075 #16233]  INFO -- : (0.000078s) SELECT sqlite_version()
I, [2021-01-15T20:19:58.089843 #16233]  INFO -- : (0.000636s) PRAGMA table_xinfo('players')
I, [2021-01-15T20:20:02.553656 #16233]  INFO -- : (0.000179s) SELECT * FROM `players`
I, [2021-01-15T20:21:37.724751 #16273]  INFO -- : (0.000119s) PRAGMA foreign_keys = 1
I, [2021-01-15T20:21:37.724860 #16273]  INFO -- : (0.000013s) PRAGMA case_sensitive_like = 1
I, [2021-01-15T20:21:38.251334 #16273]  INFO -- : (0.000077s) SELECT sqlite_version()
I, [2021-01-15T20:21:38.252141 #16273]  INFO -- : (0.000679s) PRAGMA table_xinfo('players')
I, [2021-01-15T20:21:42.543729 #16273]  INFO -- : (0.000165s) SELECT * FROM `players`
I, [2021-01-15T20:21:43.741101 #16273]  INFO -- : (0.000181s) SELECT * FROM `players` WHERE `id` = '1'
I, [2021-01-15T20:21:43.741231 #16273]  INFO -- : (0.000065s) SELECT * FROM `players` WHERE `id` = '1'
I, [2021-01-15T20:22:06.669434 #16314]  INFO -- : (0.000112s) PRAGMA foreign_keys = 1
I, [2021-01-15T20:22:06.669533 #16314]  INFO -- : (0.000012s) PRAGMA case_sensitive_like = 1
I, [2021-01-15T20:22:07.162919 #16314]  INFO -- : (0.000081s) SELECT sqlite_version()
I, [2021-01-15T20:22:07.163720 #16314]  INFO -- : (0.000676s) PRAGMA table_xinfo('players')
I, [2021-01-15T20:22:10.588663 #16314]  INFO -- : (0.000163s) SELECT * FROM `players`
I, [2021-01-15T20:22:11.731893 #16314]  INFO -- : (0.000159s) SELECT * FROM `players` WHERE `id` = '1'
I, [2021-01-15T20:22:11.732035 #16314]  INFO -- : (0.000078s) SELECT * FROM `players` WHERE `id` = '1'
I, [2021-01-15T20:22:27.350238 #16314]  INFO -- : (0.000170s) SELECT * FROM `players` WHERE `id` = '1'
I, [2021-01-15T20:22:27.350398 #16314]  INFO -- : (0.000074s) SELECT * FROM `players` WHERE `id` = '1'
I, [2021-01-15T20:32:34.454364 #16486]  INFO -- : (0.000115s) PRAGMA foreign_keys = 1
I, [2021-01-15T20:32:34.454461 #16486]  INFO -- : (0.000012s) PRAGMA case_sensitive_like = 1
I, [2021-01-15T20:32:34.944422 #16486]  INFO -- : (0.000081s) SELECT sqlite_version()
I, [2021-01-15T20:32:34.944689 #16486]  INFO -- : (0.000130s) PRAGMA table_xinfo('players')
I, [2021-01-15T20:32:54.867610 #16486]  INFO -- : (0.000427s) SELECT * FROM `players`
I, [2021-01-15T20:32:57.386367 #16486]  INFO -- : (0.000139s) SELECT * FROM `players` WHERE `id` = '1'
I, [2021-01-15T20:32:57.386504 #16486]  INFO -- : (0.000072s) SELECT * FROM `players` WHERE `id` = '1'
I, [2021-01-15T20:33:00.271583 #16486]  INFO -- : (0.000126s) SELECT * FROM `players` WHERE `id` = '1'
I, [2021-01-15T20:33:00.271740 #16486]  INFO -- : (0.000064s) SELECT * FROM `players` WHERE `id` = '1'
I, [2021-01-15T20:33:18.196262 #16527]  INFO -- : (0.000115s) PRAGMA foreign_keys = 1
I, [2021-01-15T20:33:18.196352 #16527]  INFO -- : (0.000012s) PRAGMA case_sensitive_like = 1
I, [2021-01-15T20:33:18.684011 #16527]  INFO -- : (0.000082s) SELECT sqlite_version()
I, [2021-01-15T20:33:18.684818 #16527]  INFO -- : (0.000137s) PRAGMA table_xinfo('players')
I, [2021-01-15T20:33:23.389923 #16527]  INFO -- : (0.000131s) SELECT * FROM `players` WHERE `id` = '1'
I, [2021-01-15T20:33:23.390063 #16527]  INFO -- : (0.000063s) SELECT * FROM `players` WHERE `id` = '1'
I, [2021-01-15T20:34:40.893494 #16562]  INFO -- : (0.000112s) PRAGMA foreign_keys = 1
I, [2021-01-15T20:34:40.893587 #16562]  INFO -- : (0.000012s) PRAGMA case_sensitive_like = 1
I, [2021-01-15T20:34:41.403875 #16562]  INFO -- : (0.000079s) SELECT sqlite_version()
I, [2021-01-15T20:34:41.404138 #16562]  INFO -- : (0.000137s) PRAGMA table_xinfo('players')
I, [2021-01-15T20:34:49.796202 #16562]  INFO -- : (0.000133s) SELECT * FROM `players` WHERE `id` = '1'
I, [2021-01-15T20:34:49.796347 #16562]  INFO -- : (0.000069s) SELECT * FROM `players` WHERE `id` = '1'
I, [2021-01-15T20:34:49.803994 #16562]  INFO -- : (0.000186s) SELECT * FROM `players`
I, [2021-01-15T20:38:30.287929 #16600]  INFO -- : (0.000113s) PRAGMA foreign_keys = 1
I, [2021-01-15T20:38:30.288023 #16600]  INFO -- : (0.000012s) PRAGMA case_sensitive_like = 1
I, [2021-01-15T20:38:30.784921 #16600]  INFO -- : (0.000073s) SELECT sqlite_version()
I, [2021-01-15T20:38:30.785654 #16600]  INFO -- : (0.000605s) PRAGMA table_xinfo('players')
I, [2021-01-15T20:38:34.511877 #16600]  INFO -- : (0.000129s) SELECT * FROM `players` WHERE `id` = '1'
I, [2021-01-15T20:38:34.512004 #16600]  INFO -- : (0.000061s) SELECT * FROM `players` WHERE `id` = '1'
I, [2021-01-15T20:38:35.604503 #16600]  INFO -- : (0.000149s) SELECT * FROM `players` WHERE `id` = '1'
I, [2021-01-15T20:38:35.604701 #16600]  INFO -- : (0.000093s) SELECT * FROM `players` WHERE `id` = '1'
I, [2021-01-15T20:38:35.609267 #16600]  INFO -- : (0.000170s) SELECT * FROM `players`
I, [2021-01-15T20:38:37.231225 #16600]  INFO -- : (0.001000s) SELECT * FROM `players` WHERE `id` = '1'
I, [2021-01-15T20:38:37.231388 #16600]  INFO -- : (0.000089s) SELECT * FROM `players` WHERE `id` = '1'
I, [2021-01-15T20:38:41.505229 #16600]  INFO -- : (0.000143s) SELECT * FROM `players` WHERE `id` = '1'
I, [2021-01-15T20:38:41.505423 #16600]  INFO -- : (0.000128s) SELECT * FROM `players` WHERE `id` = '1'
I, [2021-01-15T20:38:41.505738 #16600]  INFO -- : (0.000020s) BEGIN
I, [2021-01-15T20:38:41.506404 #16600]  INFO -- : (0.000374s) UPDATE `players` SET `position` = 'Forwardadfdsa' WHERE (`id` = 1)
I, [2021-01-15T20:38:41.507100 #16600]  INFO -- : (0.000626s) COMMIT
I, [2021-01-15T20:38:41.510748 #16600]  INFO -- : (0.000167s) SELECT * FROM `players`
I, [2021-01-15T20:38:43.158740 #16600]  INFO -- : (0.000176s) SELECT * FROM `players` WHERE `id` = '1'
I, [2021-01-15T20:38:43.158911 #16600]  INFO -- : (0.000063s) SELECT * FROM `players` WHERE `id` = '1'
I, [2021-01-15T20:38:48.998071 #16600]  INFO -- : (0.000154s) SELECT * FROM `players` WHERE `id` = '1'
I, [2021-01-15T20:38:48.998214 #16600]  INFO -- : (0.000079s) SELECT * FROM `players` WHERE `id` = '1'
I, [2021-01-15T20:38:48.998445 #16600]  INFO -- : (0.000031s) BEGIN
I, [2021-01-15T20:38:48.998918 #16600]  INFO -- : (0.000309s) UPDATE `players` SET `position` = 'Forward' WHERE (`id` = 1)
I, [2021-01-15T20:38:48.999454 #16600]  INFO -- : (0.000473s) COMMIT
I, [2021-01-15T20:38:49.002980 #16600]  INFO -- : (0.000214s) SELECT * FROM `players`
I, [2021-01-15T20:44:58.791246 #16760]  INFO -- : (0.000114s) PRAGMA foreign_keys = 1
I, [2021-01-15T20:44:58.791344 #16760]  INFO -- : (0.000013s) PRAGMA case_sensitive_like = 1
I, [2021-01-15T20:44:59.286313 #16760]  INFO -- : (0.000077s) SELECT sqlite_version()
I, [2021-01-15T20:44:59.286584 #16760]  INFO -- : (0.000141s) PRAGMA table_xinfo('players')
I, [2021-01-15T20:48:33.826570 #16981]  INFO -- : (0.000165s) PRAGMA foreign_keys = 1
I, [2021-01-15T20:48:33.826682 #16981]  INFO -- : (0.000012s) PRAGMA case_sensitive_like = 1
I, [2021-01-15T20:48:34.327175 #16981]  INFO -- : (0.000076s) SELECT sqlite_version()
I, [2021-01-15T20:48:34.327429 #16981]  INFO -- : (0.000133s) PRAGMA table_xinfo('players')
I, [2021-01-15T20:48:35.728522 #16981]  INFO -- : (0.000176s) SELECT * FROM `players`
I, [2021-01-15T20:48:38.768503 #16981]  INFO -- : (0.000175s) SELECT * FROM `players` WHERE `id` = '1'
I, [2021-01-15T20:48:38.768717 #16981]  INFO -- : (0.000103s) SELECT * FROM `players` WHERE `id` = '1'
I, [2021-01-15T20:48:42.125059 #16981]  INFO -- : (0.000129s) SELECT * FROM `players` WHERE `id` = '1'
I, [2021-01-15T20:48:42.125225 #16981]  INFO -- : (0.000089s) SELECT * FROM `players` WHERE `id` = '1'
I, [2021-01-15T20:48:46.993381 #16981]  INFO -- : (0.000126s) SELECT * FROM `players` WHERE `id` = '1'
I, [2021-01-15T20:48:46.993546 #16981]  INFO -- : (0.000099s) SELECT * FROM `players` WHERE `id` = '1'
I, [2021-01-15T20:48:46.998554 #16981]  INFO -- : (0.000247s) SELECT * FROM `players`
I, [2021-01-15T21:33:29.102983 #19503]  INFO -- : (0.000115s) PRAGMA foreign_keys = 1
I, [2021-01-15T21:33:29.103083 #19503]  INFO -- : (0.000013s) PRAGMA case_sensitive_like = 1
I, [2021-01-15T21:33:29.602735 #19503]  INFO -- : (0.000078s) SELECT sqlite_version()
I, [2021-01-15T21:33:29.603007 #19503]  INFO -- : (0.000138s) PRAGMA table_xinfo('players')
I, [2021-01-15T21:34:06.602045 #19521]  INFO -- : (0.000116s) PRAGMA foreign_keys = 1
I, [2021-01-15T21:34:06.602141 #19521]  INFO -- : (0.000013s) PRAGMA case_sensitive_like = 1
I, [2021-01-15T21:34:07.112886 #19521]  INFO -- : (0.000079s) SELECT sqlite_version()
I, [2021-01-15T21:34:07.113159 #19521]  INFO -- : (0.000137s) PRAGMA table_xinfo('players')
I, [2021-01-15T21:34:42.815096 #19521]  INFO -- : (0.000299s) SELECT * FROM `players`
I, [2021-01-15T21:34:44.153299 #19521]  INFO -- : (0.000250s) SELECT * FROM `players`
I, [2021-01-15T21:34:46.218754 #19521]  INFO -- : (0.000285s) SELECT * FROM `players`
I, [2021-01-15T21:34:46.601946 #19521]  INFO -- : (0.000184s) SELECT * FROM `players`
I, [2021-01-15T21:34:46.810368 #19521]  INFO -- : (0.000173s) SELECT * FROM `players`
I, [2021-01-15T21:34:47.201930 #19521]  INFO -- : (0.000174s) SELECT * FROM `players`
I, [2021-01-15T21:34:47.602568 #19521]  INFO -- : (0.000181s) SELECT * FROM `players`
I, [2021-01-15T21:34:47.961748 #19521]  INFO -- : (0.000171s) SELECT * FROM `players`
I, [2021-01-15T21:34:48.490162 #19521]  INFO -- : (0.000297s) SELECT * FROM `players`
I, [2021-01-15T21:34:49.733280 #19521]  INFO -- : (0.000219s) SELECT * FROM `players` WHERE `id` = '1'
I, [2021-01-15T21:34:49.733591 #19521]  INFO -- : (0.000211s) SELECT * FROM `players` WHERE `id` = '1'
I, [2021-01-15T21:35:04.865090 #19521]  INFO -- : (0.000213s) SELECT * FROM `players`
I, [2021-01-15T21:35:06.999782 #19521]  INFO -- : (0.000105s) SELECT * FROM `players` WHERE `id` = '1'
I, [2021-01-15T21:35:06.999931 #19521]  INFO -- : (0.000084s) SELECT * FROM `players` WHERE `id` = '1'
I, [2021-01-15T21:35:13.111212 #19521]  INFO -- : (0.000122s) SELECT * FROM `players` WHERE `id` = '1'
I, [2021-01-15T21:35:13.111344 #19521]  INFO -- : (0.000063s) SELECT * FROM `players` WHERE `id` = '1'
I, [2021-01-15T21:35:13.115299 #19521]  INFO -- : (0.000119s) SELECT * FROM `players`
I, [2021-01-15T21:35:14.557871 #19521]  INFO -- : (0.000194s) SELECT * FROM `players` WHERE `id` = '1'
I, [2021-01-15T21:35:14.557999 #19521]  INFO -- : (0.000065s) SELECT * FROM `players` WHERE `id` = '1'
I, [2021-01-15T21:35:22.053982 #19521]  INFO -- : (0.000113s) SELECT * FROM `players` WHERE `id` = '1'
I, [2021-01-15T21:35:22.054114 #19521]  INFO -- : (0.000063s) SELECT * FROM `players` WHERE `id` = '1'
I, [2021-01-15T21:35:22.054306 #19521]  INFO -- : (0.000016s) BEGIN
I, [2021-01-15T21:35:22.054687 #19521]  INFO -- : (0.000237s) UPDATE `players` SET `first_name` = 'dsafdsa' WHERE (`id` = 1)
I, [2021-01-15T21:35:22.055500 #19521]  INFO -- : (0.000763s) COMMIT
I, [2021-01-15T21:35:22.058756 #19521]  INFO -- : (0.000159s) SELECT * FROM `players`
I, [2021-01-15T21:35:23.715837 #19521]  INFO -- : (0.000110s) SELECT * FROM `players` WHERE `id` = '1'
I, [2021-01-15T21:35:23.715975 #19521]  INFO -- : (0.000067s) SELECT * FROM `players` WHERE `id` = '1'
I, [2021-01-15T21:35:32.796146 #19556]  INFO -- : (0.000116s) PRAGMA foreign_keys = 1
I, [2021-01-15T21:35:32.796243 #19556]  INFO -- : (0.000012s) PRAGMA case_sensitive_like = 1
I, [2021-01-15T21:35:33.289410 #19556]  INFO -- : (0.000078s) SELECT sqlite_version()
I, [2021-01-15T21:35:33.289670 #19556]  INFO -- : (0.000129s) PRAGMA table_xinfo('players')
I, [2021-01-15T21:35:39.859330 #19556]  INFO -- : (0.000124s) SELECT * FROM `players` WHERE `id` = '1'
I, [2021-01-15T21:35:39.859461 #19556]  INFO -- : (0.000063s) SELECT * FROM `players` WHERE `id` = '1'
I, [2021-01-15T21:35:39.866024 #19556]  INFO -- : (0.000182s) SELECT * FROM `players`
I, [2021-01-15T21:35:41.627923 #19556]  INFO -- : (0.000146s) SELECT * FROM `players` WHERE `id` = '1'
I, [2021-01-15T21:35:41.628079 #19556]  INFO -- : (0.000076s) SELECT * FROM `players` WHERE `id` = '1'
I, [2021-01-15T21:35:45.721921 #19556]  INFO -- : (0.000113s) SELECT * FROM `players` WHERE `id` = '1'
I, [2021-01-15T21:35:45.722048 #19556]  INFO -- : (0.000061s) SELECT * FROM `players` WHERE `id` = '1'
I, [2021-01-15T21:35:45.725518 #19556]  INFO -- : (0.000138s) SELECT * FROM `players`
I, [2021-01-15T21:36:48.725056 #19654]  INFO -- : (0.000114s) PRAGMA foreign_keys = 1
I, [2021-01-15T21:36:48.725149 #19654]  INFO -- : (0.000012s) PRAGMA case_sensitive_like = 1
I, [2021-01-15T21:36:49.200641 #19654]  INFO -- : (0.000079s) SELECT sqlite_version()
I, [2021-01-15T21:36:49.201373 #19654]  INFO -- : (0.000138s) PRAGMA table_xinfo('players')
I, [2021-01-15T21:36:55.813161 #19654]  INFO -- : (0.000140s) SELECT * FROM `players` WHERE `id` = '1'
I, [2021-01-15T21:36:55.813299 #19654]  INFO -- : (0.000063s) SELECT * FROM `players` WHERE `id` = '1'
I, [2021-01-15T21:37:00.142573 #19654]  INFO -- : (0.000116s) SELECT * FROM `players` WHERE `id` = '1'
I, [2021-01-15T21:37:00.142709 #19654]  INFO -- : (0.000069s) SELECT * FROM `players` WHERE `id` = '1'
I, [2021-01-15T21:37:00.142887 #19654]  INFO -- : (0.000016s) BEGIN
I, [2021-01-15T21:37:00.143247 #19654]  INFO -- : (0.000216s) UPDATE `players` SET `first_name` = 'Dominic' WHERE (`id` = 1)
I, [2021-01-15T21:37:00.144053 #19654]  INFO -- : (0.000758s) COMMIT
I, [2021-01-15T21:37:00.147755 #19654]  INFO -- : (0.000157s) SELECT * FROM `players`
I, [2021-01-15T21:37:01.385351 #19654]  INFO -- : (0.000847s) SELECT * FROM `players` WHERE `id` = '1'
I, [2021-01-15T21:37:01.385485 #19654]  INFO -- : (0.000067s) SELECT * FROM `players` WHERE `id` = '1'
I, [2021-01-15T21:37:03.233060 #19654]  INFO -- : (0.000135s) SELECT * FROM `players` WHERE `id` = '1'
I, [2021-01-15T21:37:03.233191 #19654]  INFO -- : (0.000062s) SELECT * FROM `players` WHERE `id` = '1'
I, [2021-01-15T21:37:03.233337 #19654]  INFO -- : (0.000013s) BEGIN
I, [2021-01-15T21:37:03.233638 #19654]  INFO -- : (0.000180s) UPDATE `players` SET `gender` = 'F' WHERE (`id` = 1)
I, [2021-01-15T21:37:03.234397 #19654]  INFO -- : (0.000716s) COMMIT
I, [2021-01-15T21:37:03.238161 #19654]  INFO -- : (0.000184s) SELECT * FROM `players`
I, [2021-01-15T21:37:05.234211 #19654]  INFO -- : (0.000132s) SELECT * FROM `players` WHERE `id` = '1'
I, [2021-01-15T21:37:05.234355 #19654]  INFO -- : (0.000068s) SELECT * FROM `players` WHERE `id` = '1'
I, [2021-01-15T21:37:08.914018 #19654]  INFO -- : (0.000111s) SELECT * FROM `players` WHERE `id` = '1'
I, [2021-01-15T21:37:08.914174 #19654]  INFO -- : (0.000089s) SELECT * FROM `players` WHERE `id` = '1'
I, [2021-01-15T21:37:08.914297 #19654]  INFO -- : (0.000013s) BEGIN
I, [2021-01-15T21:37:08.914593 #19654]  INFO -- : (0.000189s) UPDATE `players` SET `gender` = 'M' WHERE (`id` = 1)
I, [2021-01-15T21:37:08.915376 #19654]  INFO -- : (0.000746s) COMMIT
I, [2021-01-15T21:37:08.918952 #19654]  INFO -- : (0.000153s) SELECT * FROM `players`
I, [2021-01-15T21:39:11.235044 #19751]  INFO -- : (0.000180s) PRAGMA foreign_keys = 1
I, [2021-01-15T21:39:11.235211 #19751]  INFO -- : (0.000013s) PRAGMA case_sensitive_like = 1
I, [2021-01-15T21:39:11.707810 #19751]  INFO -- : (0.000079s) SELECT sqlite_version()
I, [2021-01-15T21:39:11.708517 #19751]  INFO -- : (0.000579s) PRAGMA table_xinfo('players')
I, [2021-01-15T21:39:21.562563 #19751]  INFO -- : (0.000127s) SELECT * FROM `players` WHERE `id` = '1'
I, [2021-01-15T21:39:21.562695 #19751]  INFO -- : (0.000064s) SELECT * FROM `players` WHERE `id` = '1'
I, [2021-01-15T21:39:26.683860 #19751]  INFO -- : (0.000115s) SELECT * FROM `players` WHERE `id` = '1'
I, [2021-01-15T21:39:26.684002 #19751]  INFO -- : (0.000070s) SELECT * FROM `players` WHERE `id` = '1'
I, [2021-01-15T21:39:26.688120 #19751]  INFO -- : (0.000157s) SELECT * FROM `players`
I, [2021-01-15T21:41:36.060052 #19751]  INFO -- : (0.000035s) BEGIN
I, [2021-01-15T21:41:36.060497 #19751]  INFO -- : (0.000251s) INSERT INTO `players` (`first_name`, `surname`, `gender`, `club`, `country`, `position`, `date_of_birth`) VALUES ('test', 'test', 'test', 'test', 'test', 'test', '2000-01-01')
I, [2021-01-15T21:41:36.060673 #19751]  INFO -- : (0.000075s) SELECT * FROM `players` WHERE `id` = 13
I, [2021-01-15T21:41:36.061476 #19751]  INFO -- : (0.000756s) COMMIT
I, [2021-01-15T21:41:37.335438 #19751]  INFO -- : (0.000172s) SELECT * FROM `players`
I, [2021-01-15T21:41:39.967741 #19751]  INFO -- : (0.000101s) SELECT * FROM `players` WHERE `id` = '13'
I, [2021-01-15T21:41:39.967921 #19751]  INFO -- : (0.000078s) SELECT * FROM `players` WHERE `id` = '13'
I, [2021-01-15T21:41:47.225559 #19751]  INFO -- : (0.000103s) SELECT * FROM `players` WHERE `id` = '13'
I, [2021-01-15T21:41:47.225767 #19751]  INFO -- : (0.000114s) SELECT * FROM `players` WHERE `id` = '13'
I, [2021-01-15T21:41:47.226837 #19751]  INFO -- : (0.000993s) DELETE FROM `players` WHERE `id` = 13
I, [2021-01-15T21:41:47.231076 #19751]  INFO -- : (0.000162s) SELECT * FROM `players`
I, [2021-01-15T21:51:10.203313 #19885]  INFO -- : (0.000120s) PRAGMA foreign_keys = 1
I, [2021-01-15T21:51:10.203409 #19885]  INFO -- : (0.000013s) PRAGMA case_sensitive_like = 1
I, [2021-01-15T21:51:10.718560 #19885]  INFO -- : (0.000078s) SELECT sqlite_version()
I, [2021-01-15T21:51:10.719274 #19885]  INFO -- : (0.000123s) PRAGMA table_xinfo('players')
I, [2021-01-15T21:51:11.230106 #19885]  INFO -- : (0.000151s) SELECT * FROM `players` WHERE `id` = '1'
I, [2021-01-15T21:51:11.230244 #19885]  INFO -- : (0.000065s) SELECT * FROM `players` WHERE `id` = '1'
I, [2021-01-15T21:51:17.261278 #19885]  INFO -- : (0.000176s) SELECT * FROM `players`
I, [2021-01-15T21:51:38.963243 #19885]  INFO -- : (0.000033s) BEGIN
I, [2021-01-15T21:51:38.963709 #19885]  INFO -- : (0.000247s) INSERT INTO `players` (`first_name`, `surname`, `gender`, `club`, `country`, `position`, `date_of_birth`) VALUES ('test', 'test', 'test', 'test', 'test', 'test', '2020-10-20')
I, [2021-01-15T21:51:38.963866 #19885]  INFO -- : (0.000063s) SELECT * FROM `players` WHERE `id` = 13
I, [2021-01-15T21:51:38.964570 #19885]  INFO -- : (0.000663s) COMMIT
I, [2021-01-15T21:51:38.968193 #19885]  INFO -- : (0.000178s) SELECT * FROM `players`
I, [2021-01-15T21:51:40.568475 #19885]  INFO -- : (0.000133s) SELECT * FROM `players` WHERE `id` = '13'
I, [2021-01-15T21:51:40.568641 #19885]  INFO -- : (0.000089s) SELECT * FROM `players` WHERE `id` = '13'
I, [2021-01-15T21:51:44.089240 #19885]  INFO -- : (0.000136s) SELECT * FROM `players` WHERE `id` = '13'
I, [2021-01-15T21:51:44.089384 #19885]  INFO -- : (0.000069s) SELECT * FROM `players` WHERE `id` = '13'
I, [2021-01-15T21:51:44.090421 #19885]  INFO -- : (0.000968s) DELETE FROM `players` WHERE `id` = 13
I, [2021-01-15T21:51:44.093759 #19885]  INFO -- : (0.000174s) SELECT * FROM `players`
